[Tue Jan 20 10:32:43 2026] Starting VibeStock Limit Up Monitor Service...
CWD: D:\vibeStock\vibeStock\vibeStock
2026-01-20 10:32:43,506 - MonitorService - INFO - Initializing Data Providers...
2026-01-20 10:32:43,506 - vibe.data.tushareadapter - INFO - Tushare Pro API initialized.
2026-01-20 10:32:43,506 - vibe.data.tushareadapter - INFO - Tushare Pro API initialized.
2026-01-20 10:32:43,507 - MonitorService - INFO - Initializing Scheduler...
2026-01-20 10:32:43,507 - MonitorService - INFO - Loading LimitUpMonitor Module...
2026-01-20 10:32:43,508 - vibe - INFO - Registered interval job 60s for 涨停监控服务
2026-01-20 10:32:43,508 - vibe - INFO - [涨停监控服务] Syncing trade calendar...
2026-01-20 10:32:43,508 - vibe - INFO - Registered interval job 60s for 涨停监控服务
2026-01-20 10:32:43,508 - vibe - INFO - [涨停监控服务] Syncing trade calendar...
2026-01-20 10:32:43,515 - vibe - INFO - [涨停监控服务] 已启动: 计划每日 09:20-15:30 运行
2026-01-20 10:32:43,515 - vibe - INFO - [涨停监控服务] 已启动: 计划每日 09:20-15:30 运行
2026-01-20 10:32:43,515 - MonitorService - INFO - Service Started. Running 09:20 - 15:30 daily.
2026-01-20 10:32:43,515 - MonitorService - INFO - Press Ctrl+C to stop.
2026-01-20 10:32:43,866 - vibe - INFO - [涨停监控服务] Fetching limit up data...
2026-01-20 10:32:43,866 - vibe - INFO - [涨停监控服务] Fetching limit up data...
2026-01-20 10:32:43,866 - vibe.data.aggregator - INFO - [AKShareAdapter:dynamic_get_limit_up_pool] First Fetch: Calling dynamic method
2026-01-20 10:32:43,866 - vibe.data.aggregator - INFO - [AKShareAdapter:dynamic_get_limit_up_pool] First Fetch: Calling dynamic method
2026-01-20 10:32:44,196 - vibe - INFO - [涨停监控服务] Success: 37 records
2026-01-20 10:32:44,196 - vibe - INFO - [涨停监控服务] Success: 37 records
[Tue Jan 20 10:33:12 2026] Starting VibeStock Limit Up Monitor Service...
CWD: D:\vibeStock\vibeStock\vibeStock
2026-01-20 10:33:12,759 - MonitorService - INFO - Initializing Data Providers...
2026-01-20 10:33:12,759 - vibe.data.tushareadapter - INFO - Tushare Pro API initialized.
2026-01-20 10:33:12,759 - vibe.data.tushareadapter - INFO - Tushare Pro API initialized.
2026-01-20 10:33:12,759 - MonitorService - INFO - Initializing Scheduler...
2026-01-20 10:33:12,759 - MonitorService - INFO - Loading LimitUpMonitor Module...
2026-01-20 10:33:12,760 - vibe - INFO - Registered interval job 60s for 涨停监控服务
2026-01-20 10:33:12,760 - vibe - INFO - [涨停监控服务] Syncing trade calendar...
2026-01-20 10:33:12,760 - vibe - INFO - Registered interval job 60s for 涨停监控服务
2026-01-20 10:33:12,761 - vibe - INFO - [涨停监控服务] 已启动: 计划每日 09:20-15:30 运行
2026-01-20 10:33:12,760 - vibe - INFO - [涨停监控服务] Syncing trade calendar...
2026-01-20 10:33:12,761 - vibe - INFO - [涨停监控服务] 已启动: 计划每日 09:20-15:30 运行
2026-01-20 10:33:12,761 - MonitorService - INFO - Service Started. Running 09:20 - 15:30 daily.
2026-01-20 10:33:12,761 - MonitorService - INFO - Press Ctrl+C to stop.
2026-01-20 10:33:13,151 - vibe - INFO - [涨停监控服务] Fetching limit up data...
2026-01-20 10:33:13,151 - vibe - INFO - [涨停监控服务] Fetching limit up data...
2026-01-20 10:33:13,151 - vibe.data.aggregator - INFO - [AKShareAdapter:dynamic_get_limit_up_pool] First Fetch: Calling dynamic method
2026-01-20 10:33:13,151 - vibe.data.aggregator - INFO - [AKShareAdapter:dynamic_get_limit_up_pool] First Fetch: Calling dynamic method
2026-01-20 10:33:13,526 - vibe - INFO - [涨停监控服务] Success: 37 records
2026-01-20 10:33:13,526 - vibe - INFO - [涨停监控服务] Success: 37 records
[Tue Jan 20 10:59:21 2026] Starting VibeStock Limit Up Monitor Service...
CWD: D:\vibeStock\vibeStock\vibeStock
2026-01-20 10:59:21,062 - MonitorService - INFO - Initializing Data Providers...
2026-01-20 10:59:21,063 - vibe.data.tushareadapter - INFO - Tushare Pro API initialized.
2026-01-20 10:59:21,063 - vibe.data.tushareadapter - INFO - Tushare Pro API initialized.
2026-01-20 10:59:21,069 - MonitorService - INFO - Initializing Scheduler...
2026-01-20 10:59:21,069 - MonitorService - INFO - Loading LimitUpMonitor Module...
2026-01-20 10:59:21,070 - vibe - INFO - Registered interval job 60s for 涨停监控服务
2026-01-20 10:59:21,070 - vibe - INFO - [涨停监控服务] Syncing trade calendar...
2026-01-20 10:59:21,070 - vibe - INFO - Registered interval job 60s for 涨停监控服务
2026-01-20 10:59:21,070 - vibe - INFO - [涨停监控服务] 已启动: 计划每日 09:20-15:30 运行
2026-01-20 10:59:21,070 - vibe - INFO - [涨停监控服务] Syncing trade calendar...
2026-01-20 10:59:21,070 - vibe - INFO - [涨停监控服务] 已启动: 计划每日 09:20-15:30 运行
2026-01-20 10:59:21,070 - MonitorService - INFO - Service Started. Running 09:20 - 15:30 daily.
2026-01-20 10:59:21,070 - MonitorService - INFO - Press Ctrl+C to stop.
2026-01-20 10:59:21,581 - vibe - INFO - [涨停监控服务] Fetching limit up data...
2026-01-20 10:59:21,581 - vibe - INFO - [涨停监控服务] Fetching limit up data...
2026-01-20 10:59:21,581 - vibe.data.aggregator - INFO - [AKShareAdapter:dynamic_get_limit_up_pool] First Fetch: Calling dynamic method
2026-01-20 10:59:21,581 - vibe.data.aggregator - INFO - [AKShareAdapter:dynamic_get_limit_up_pool] First Fetch: Calling dynamic method
2026-01-20 10:59:21,973 - vibe - INFO - [涨停监控服务] Success: 41 records
2026-01-20 10:59:21,973 - vibe - INFO - [涨停监控服务] Success: 41 records
[Tue Jan 20 11:00:44 2026] Starting VibeStock Limit Up Monitor Service...
CWD: D:\vibeStock\vibeStock\vibeStock
2026-01-20 11:00:44,570 - MonitorService - INFO - Initializing Data Providers...
2026-01-20 11:00:44,570 - vibe.data.tushareadapter - INFO - Tushare Pro API initialized.
2026-01-20 11:00:44,570 - vibe.data.tushareadapter - INFO - Tushare Pro API initialized.
2026-01-20 11:00:44,571 - MonitorService - INFO - Initializing Scheduler...
2026-01-20 11:00:44,571 - MonitorService - INFO - Loading LimitUpMonitor Module...
2026-01-20 11:00:44,571 - vibe - INFO - Registered interval job 60s for 涨停监控服务
2026-01-20 11:00:44,572 - vibe - INFO - [涨停监控服务] Syncing trade calendar...
2026-01-20 11:00:44,571 - vibe - INFO - Registered interval job 60s for 涨停监控服务
2026-01-20 11:00:44,572 - vibe - INFO - [涨停监控服务] Syncing trade calendar...
2026-01-20 11:00:44,572 - vibe - INFO - [涨停监控服务] 已启动: 计划每日 09:20-15:30 运行
2026-01-20 11:00:44,572 - vibe - INFO - [涨停监控服务] 已启动: 计划每日 09:20-15:30 运行
2026-01-20 11:00:44,572 - MonitorService - INFO - Service Started. Running 09:20 - 15:03 daily.
2026-01-20 11:00:44,572 - MonitorService - INFO - Press Ctrl+C to stop.
2026-01-20 11:00:44,956 - vibe - INFO - [涨停监控服务] Fetching limit up data...
2026-01-20 11:00:44,956 - vibe - INFO - [涨停监控服务] Fetching limit up data...
2026-01-20 11:00:44,956 - vibe.data.aggregator - INFO - [AKShareAdapter:dynamic_get_limit_up_pool] First Fetch: Calling dynamic method
2026-01-20 11:00:44,956 - vibe.data.aggregator - INFO - [AKShareAdapter:dynamic_get_limit_up_pool] First Fetch: Calling dynamic method
2026-01-20 11:00:45,311 - vibe - INFO - [涨停监控服务] Success: 41 records
2026-01-20 11:00:45,311 - vibe - INFO - [涨停监控服务] Success: 41 records
2026-01-20 11:01:45,312 - vibe - INFO - [涨停监控服务] Fetching limit up data...
2026-01-20 11:01:45,312 - vibe - INFO - [涨停监控服务] Fetching limit up data...
2026-01-20 11:01:45,312 - vibe.data.aggregator - INFO - [Data Activity Summary 60s] AKShareAdapter:dynamic_get_limit_up_pool: 1 calls
2026-01-20 11:01:45,312 - vibe.data.aggregator - INFO - [Data Activity Summary 60s] AKShareAdapter:dynamic_get_limit_up_pool: 1 calls
2026-01-20 11:01:45,684 - vibe - INFO - [涨停监控服务] Success: 42 records
2026-01-20 11:01:45,684 - vibe - INFO - [涨停监控服务] Success: 42 records
2026-01-20 11:02:45,685 - vibe - INFO - [涨停监控服务] Fetching limit up data...
2026-01-20 11:02:45,685 - vibe - INFO - [涨停监控服务] Fetching limit up data...
2026-01-20 11:02:45,685 - vibe.data.aggregator - INFO - [Data Activity Summary 60s] AKShareAdapter:dynamic_get_limit_up_pool: 1 calls
2026-01-20 11:02:45,685 - vibe.data.aggregator - INFO - [Data Activity Summary 60s] AKShareAdapter:dynamic_get_limit_up_pool: 1 calls
2026-01-20 11:02:46,073 - vibe - INFO - [涨停监控服务] Success: 42 records
2026-01-20 11:02:46,073 - vibe - INFO - [涨停监控服务] Success: 42 records
2026-01-20 11:03:46,073 - vibe - INFO - [涨停监控服务] Fetching limit up data...
2026-01-20 11:03:46,073 - vibe - INFO - [涨停监控服务] Fetching limit up data...
2026-01-20 11:03:46,073 - vibe.data.aggregator - INFO - [Data Activity Summary 60s] AKShareAdapter:dynamic_get_limit_up_pool: 1 calls
2026-01-20 11:03:46,073 - vibe.data.aggregator - INFO - [Data Activity Summary 60s] AKShareAdapter:dynamic_get_limit_up_pool: 1 calls
2026-01-20 11:03:46,449 - vibe - INFO - [涨停监控服务] Success: 42 records
2026-01-20 11:03:46,449 - vibe - INFO - [涨停监控服务] Success: 42 records
2026-01-20 11:04:46,450 - vibe - INFO - [涨停监控服务] Fetching limit up data...
2026-01-20 11:04:46,450 - vibe - INFO - [涨停监控服务] Fetching limit up data...
2026-01-20 11:04:46,450 - vibe.data.aggregator - INFO - [Data Activity Summary 60s] AKShareAdapter:dynamic_get_limit_up_pool: 1 calls
2026-01-20 11:04:46,450 - vibe.data.aggregator - INFO - [Data Activity Summary 60s] AKShareAdapter:dynamic_get_limit_up_pool: 1 calls
2026-01-20 11:04:46,822 - vibe - INFO - [涨停监控服务] Success: 44 records
2026-01-20 11:04:46,822 - vibe - INFO - [涨停监控服务] Success: 44 records
2026-01-20 11:05:46,823 - vibe - INFO - [涨停监控服务] Fetching limit up data...
2026-01-20 11:05:46,823 - vibe - INFO - [涨停监控服务] Fetching limit up data...
2026-01-20 11:05:46,823 - vibe.data.aggregator - INFO - [Data Activity Summary 60s] AKShareAdapter:dynamic_get_limit_up_pool: 1 calls
2026-01-20 11:05:46,823 - vibe.data.aggregator - INFO - [Data Activity Summary 60s] AKShareAdapter:dynamic_get_limit_up_pool: 1 calls
2026-01-20 11:05:47,852 - vibe - INFO - [涨停监控服务] Success: 44 records
2026-01-20 11:05:47,852 - vibe - INFO - [涨停监控服务] Success: 44 records
2026-01-20 11:06:47,853 - vibe - INFO - [涨停监控服务] Fetching limit up data...
2026-01-20 11:06:47,853 - vibe - INFO - [涨停监控服务] Fetching limit up data...
2026-01-20 11:06:47,853 - vibe.data.aggregator - INFO - [Data Activity Summary 60s] AKShareAdapter:dynamic_get_limit_up_pool: 1 calls
2026-01-20 11:06:47,853 - vibe.data.aggregator - INFO - [Data Activity Summary 60s] AKShareAdapter:dynamic_get_limit_up_pool: 1 calls
2026-01-20 11:06:49,038 - vibe - INFO - [涨停监控服务] Success: 43 records
2026-01-20 11:06:49,038 - vibe - INFO - [涨停监控服务] Success: 43 records
