2026-01-20 10:28:21,214 - MonitorService - INFO - Initializing Data Providers...
2026-01-20 10:28:21,214 - vibe.data.tushareadapter - INFO - Tushare Pro API initialized.
2026-01-20 10:28:21,226 - MonitorService - INFO - Initializing Scheduler...
2026-01-20 10:28:21,226 - MonitorService - INFO - Loading LimitUpMonitor Module...
2026-01-20 10:29:14,324 - MonitorService - INFO - Initializing Data Providers...
2026-01-20 10:29:14,325 - vibe.data.tushareadapter - INFO - Tushare Pro API initialized.
2026-01-20 10:29:14,326 - MonitorService - INFO - Initializing Scheduler...
2026-01-20 10:29:14,326 - MonitorService - INFO - Loading LimitUpMonitor Module...
2026-01-20 10:29:14,327 - vibe - INFO - Registered interval job 60s for 涨停监控服务
2026-01-20 10:29:14,328 - vibe - INFO - [涨停监控服务] Syncing trade calendar...
2026-01-20 10:29:14,328 - vibe - INFO - [涨停监控服务] 已启动: 计划每日 09:20-15:30 运行
2026-01-20 10:29:14,329 - MonitorService - INFO - Service Started. Running 09:20 - 15:03 daily.
2026-01-20 10:29:14,329 - MonitorService - INFO - Press Ctrl+C to stop.
2026-01-20 10:29:14,932 - vibe - INFO - [涨停监控服务] Fetching limit up data...
2026-01-20 10:29:14,932 - vibe.data.aggregator - INFO - [AKShareAdapter:dynamic_get_limit_up_pool] First Fetch: Calling dynamic method
2026-01-20 10:29:15,332 - vibe - INFO - [涨停监控服务] Success: 36 records
2026-01-20 10:29:25,825 - MonitorService - INFO - Initializing Data Providers...
2026-01-20 10:29:25,825 - vibe.data.tushareadapter - INFO - Tushare Pro API initialized.
2026-01-20 10:29:25,826 - MonitorService - INFO - Initializing Scheduler...
2026-01-20 10:29:25,826 - MonitorService - INFO - Loading LimitUpMonitor Module...
2026-01-20 10:29:25,827 - vibe - INFO - Registered interval job 60s for 涨停监控服务
2026-01-20 10:29:25,827 - vibe - INFO - [涨停监控服务] Syncing trade calendar...
2026-01-20 10:29:25,828 - vibe - INFO - [涨停监控服务] 已启动: 计划每日 09:20-15:30 运行
2026-01-20 10:29:25,828 - MonitorService - INFO - Service Started. Running 09:20 - 15:03 daily.
2026-01-20 10:29:25,829 - MonitorService - INFO - Press Ctrl+C to stop.
2026-01-20 10:29:26,175 - vibe - INFO - [涨停监控服务] Fetching limit up data...
2026-01-20 10:29:26,175 - vibe.data.aggregator - INFO - [AKShareAdapter:dynamic_get_limit_up_pool] First Fetch: Calling dynamic method
2026-01-20 10:29:26,503 - vibe - INFO - [涨停监控服务] Success: 36 records
2026-01-20 10:29:38,100 - MonitorService - INFO - Initializing Data Providers...
2026-01-20 10:29:38,101 - vibe.data.tushareadapter - INFO - Tushare Pro API initialized.
2026-01-20 10:29:38,102 - MonitorService - INFO - Initializing Scheduler...
2026-01-20 10:29:38,102 - MonitorService - INFO - Loading LimitUpMonitor Module...
2026-01-20 10:29:38,102 - vibe - INFO - Registered interval job 60s for 涨停监控服务
2026-01-20 10:29:38,103 - vibe - INFO - [涨停监控服务] Syncing trade calendar...
2026-01-20 10:29:38,103 - vibe - INFO - [涨停监控服务] 已启动: 计划每日 09:20-15:30 运行
2026-01-20 10:29:38,103 - MonitorService - INFO - Service Started. Running 09:20 - 15:03 daily.
2026-01-20 10:29:38,103 - MonitorService - INFO - Press Ctrl+C to stop.
2026-01-20 10:29:38,454 - vibe - INFO - [涨停监控服务] Fetching limit up data...
2026-01-20 10:29:38,455 - vibe.data.aggregator - INFO - [AKShareAdapter:dynamic_get_limit_up_pool] First Fetch: Calling dynamic method
2026-01-20 10:29:38,781 - vibe - INFO - [涨停监控服务] Success: 36 records
2026-01-20 10:30:26,504 - vibe - INFO - [涨停监控服务] Fetching limit up data...
2026-01-20 10:30:26,505 - vibe.data.aggregator - INFO - [Data Activity Summary 60s] AKShareAdapter:dynamic_get_limit_up_pool: 1 calls
2026-01-20 10:30:26,869 - vibe - INFO - [涨停监控服务] Success: 37 records
2026-01-20 10:30:38,782 - vibe - INFO - [涨停监控服务] Fetching limit up data...
2026-01-20 10:30:38,784 - vibe.data.aggregator - INFO - [Data Activity Summary 60s] AKShareAdapter:dynamic_get_limit_up_pool: 1 calls
2026-01-20 10:30:39,102 - vibe - INFO - [涨停监控服务] Success: 37 records
2026-01-20 10:31:26,871 - vibe - INFO - [涨停监控服务] Fetching limit up data...
2026-01-20 10:31:26,872 - vibe.data.aggregator - INFO - [Data Activity Summary 60s] AKShareAdapter:dynamic_get_limit_up_pool: 1 calls
2026-01-20 10:31:27,261 - vibe - INFO - [涨停监控服务] Success: 37 records
2026-01-20 10:31:39,103 - vibe - INFO - [涨停监控服务] Fetching limit up data...
2026-01-20 10:31:39,104 - vibe.data.aggregator - INFO - [Data Activity Summary 60s] AKShareAdapter:dynamic_get_limit_up_pool: 1 calls
2026-01-20 10:31:39,514 - vibe - INFO - [涨停监控服务] Success: 37 records
2026-01-20 10:32:23,891 - MonitorService - INFO - Initializing Data Providers...
2026-01-20 10:32:23,891 - vibe.data.tushareadapter - INFO - Tushare Pro API initialized.
2026-01-20 10:32:23,892 - MonitorService - INFO - Initializing Scheduler...
2026-01-20 10:32:23,892 - MonitorService - INFO - Loading LimitUpMonitor Module...
2026-01-20 10:32:23,893 - vibe - INFO - Registered interval job 60s for 涨停监控服务
2026-01-20 10:32:23,893 - vibe - INFO - [涨停监控服务] Syncing trade calendar...
2026-01-20 10:32:23,894 - vibe - INFO - [涨停监控服务] 已启动: 计划每日 09:20-15:30 运行
2026-01-20 10:32:23,894 - MonitorService - INFO - Service Started. Running 09:20 - 15:03 daily.
2026-01-20 10:32:23,894 - MonitorService - INFO - Press Ctrl+C to stop.
2026-01-20 10:32:24,308 - vibe - INFO - [涨停监控服务] Fetching limit up data...
2026-01-20 10:32:24,309 - vibe.data.aggregator - INFO - [AKShareAdapter:dynamic_get_limit_up_pool] First Fetch: Calling dynamic method
2026-01-20 10:32:24,683 - vibe - INFO - [涨停监控服务] Success: 37 records
2026-01-20 10:32:27,262 - vibe - INFO - [涨停监控服务] Fetching limit up data...
2026-01-20 10:32:27,263 - vibe.data.aggregator - INFO - [Data Activity Summary 60s] AKShareAdapter:dynamic_get_limit_up_pool: 1 calls
2026-01-20 10:32:27,589 - vibe - INFO - [涨停监控服务] Success: 37 records
2026-01-20 10:32:43,506 - MonitorService - INFO - Initializing Data Providers...
2026-01-20 10:32:43,506 - vibe.data.tushareadapter - INFO - Tushare Pro API initialized.
2026-01-20 10:32:43,507 - MonitorService - INFO - Initializing Scheduler...
2026-01-20 10:32:43,507 - MonitorService - INFO - Loading LimitUpMonitor Module...
2026-01-20 10:32:43,508 - vibe - INFO - Registered interval job 60s for 涨停监控服务
2026-01-20 10:32:43,508 - vibe - INFO - [涨停监控服务] Syncing trade calendar...
2026-01-20 10:32:43,515 - vibe - INFO - [涨停监控服务] 已启动: 计划每日 09:20-15:30 运行
2026-01-20 10:32:43,515 - MonitorService - INFO - Service Started. Running 09:20 - 15:30 daily.
2026-01-20 10:32:43,515 - MonitorService - INFO - Press Ctrl+C to stop.
2026-01-20 10:32:43,866 - vibe - INFO - [涨停监控服务] Fetching limit up data...
2026-01-20 10:32:43,866 - vibe.data.aggregator - INFO - [AKShareAdapter:dynamic_get_limit_up_pool] First Fetch: Calling dynamic method
2026-01-20 10:32:44,196 - vibe - INFO - [涨停监控服务] Success: 37 records
2026-01-20 10:33:12,759 - MonitorService - INFO - Initializing Data Providers...
2026-01-20 10:33:12,759 - vibe.data.tushareadapter - INFO - Tushare Pro API initialized.
2026-01-20 10:33:12,759 - MonitorService - INFO - Initializing Scheduler...
2026-01-20 10:33:12,759 - MonitorService - INFO - Loading LimitUpMonitor Module...
2026-01-20 10:33:12,760 - vibe - INFO - Registered interval job 60s for 涨停监控服务
2026-01-20 10:33:12,760 - vibe - INFO - [涨停监控服务] Syncing trade calendar...
2026-01-20 10:33:12,761 - vibe - INFO - [涨停监控服务] 已启动: 计划每日 09:20-15:30 运行
2026-01-20 10:33:12,761 - MonitorService - INFO - Service Started. Running 09:20 - 15:30 daily.
2026-01-20 10:33:12,761 - MonitorService - INFO - Press Ctrl+C to stop.
2026-01-20 10:33:13,151 - vibe - INFO - [涨停监控服务] Fetching limit up data...
2026-01-20 10:33:13,151 - vibe.data.aggregator - INFO - [AKShareAdapter:dynamic_get_limit_up_pool] First Fetch: Calling dynamic method
2026-01-20 10:33:13,526 - vibe - INFO - [涨停监控服务] Success: 37 records
2026-01-20 10:33:24,684 - vibe - INFO - [涨停监控服务] Fetching limit up data...
2026-01-20 10:33:24,685 - vibe.data.aggregator - INFO - [Data Activity Summary 60s] AKShareAdapter:dynamic_get_limit_up_pool: 1 calls
2026-01-20 10:33:25,012 - vibe - INFO - [涨停监控服务] Success: 37 records
2026-01-20 10:59:21,062 - MonitorService - INFO - Initializing Data Providers...
2026-01-20 10:59:21,063 - vibe.data.tushareadapter - INFO - Tushare Pro API initialized.
2026-01-20 10:59:21,069 - MonitorService - INFO - Initializing Scheduler...
2026-01-20 10:59:21,069 - MonitorService - INFO - Loading LimitUpMonitor Module...
2026-01-20 10:59:21,070 - vibe - INFO - Registered interval job 60s for 涨停监控服务
2026-01-20 10:59:21,070 - vibe - INFO - [涨停监控服务] Syncing trade calendar...
2026-01-20 10:59:21,070 - vibe - INFO - [涨停监控服务] 已启动: 计划每日 09:20-15:30 运行
2026-01-20 10:59:21,070 - MonitorService - INFO - Service Started. Running 09:20 - 15:30 daily.
2026-01-20 10:59:21,070 - MonitorService - INFO - Press Ctrl+C to stop.
2026-01-20 10:59:21,581 - vibe - INFO - [涨停监控服务] Fetching limit up data...
2026-01-20 10:59:21,581 - vibe.data.aggregator - INFO - [AKShareAdapter:dynamic_get_limit_up_pool] First Fetch: Calling dynamic method
2026-01-20 10:59:21,973 - vibe - INFO - [涨停监控服务] Success: 41 records
2026-01-20 11:00:44,570 - MonitorService - INFO - Initializing Data Providers...
2026-01-20 11:00:44,570 - vibe.data.tushareadapter - INFO - Tushare Pro API initialized.
2026-01-20 11:00:44,571 - MonitorService - INFO - Initializing Scheduler...
2026-01-20 11:00:44,571 - MonitorService - INFO - Loading LimitUpMonitor Module...
2026-01-20 11:00:44,571 - vibe - INFO - Registered interval job 60s for 涨停监控服务
2026-01-20 11:00:44,572 - vibe - INFO - [涨停监控服务] Syncing trade calendar...
2026-01-20 11:00:44,572 - vibe - INFO - [涨停监控服务] 已启动: 计划每日 09:20-15:30 运行
2026-01-20 11:00:44,572 - MonitorService - INFO - Service Started. Running 09:20 - 15:03 daily.
2026-01-20 11:00:44,572 - MonitorService - INFO - Press Ctrl+C to stop.
2026-01-20 11:00:44,956 - vibe - INFO - [涨停监控服务] Fetching limit up data...
2026-01-20 11:00:44,956 - vibe.data.aggregator - INFO - [AKShareAdapter:dynamic_get_limit_up_pool] First Fetch: Calling dynamic method
2026-01-20 11:00:45,311 - vibe - INFO - [涨停监控服务] Success: 41 records
2026-01-20 11:01:45,312 - vibe - INFO - [涨停监控服务] Fetching limit up data...
2026-01-20 11:01:45,312 - vibe.data.aggregator - INFO - [Data Activity Summary 60s] AKShareAdapter:dynamic_get_limit_up_pool: 1 calls
2026-01-20 11:01:45,684 - vibe - INFO - [涨停监控服务] Success: 42 records
2026-01-20 11:02:45,685 - vibe - INFO - [涨停监控服务] Fetching limit up data...
2026-01-20 11:02:45,685 - vibe.data.aggregator - INFO - [Data Activity Summary 60s] AKShareAdapter:dynamic_get_limit_up_pool: 1 calls
2026-01-20 11:02:46,073 - vibe - INFO - [涨停监控服务] Success: 42 records
2026-01-20 11:03:46,073 - vibe - INFO - [涨停监控服务] Fetching limit up data...
2026-01-20 11:03:46,073 - vibe.data.aggregator - INFO - [Data Activity Summary 60s] AKShareAdapter:dynamic_get_limit_up_pool: 1 calls
2026-01-20 11:03:46,449 - vibe - INFO - [涨停监控服务] Success: 42 records
2026-01-20 11:04:46,450 - vibe - INFO - [涨停监控服务] Fetching limit up data...
2026-01-20 11:04:46,450 - vibe.data.aggregator - INFO - [Data Activity Summary 60s] AKShareAdapter:dynamic_get_limit_up_pool: 1 calls
2026-01-20 11:04:46,822 - vibe - INFO - [涨停监控服务] Success: 44 records
2026-01-20 11:05:46,823 - vibe - INFO - [涨停监控服务] Fetching limit up data...
2026-01-20 11:05:46,823 - vibe.data.aggregator - INFO - [Data Activity Summary 60s] AKShareAdapter:dynamic_get_limit_up_pool: 1 calls
2026-01-20 11:05:47,852 - vibe - INFO - [涨停监控服务] Success: 44 records
2026-01-20 11:06:47,853 - vibe - INFO - [涨停监控服务] Fetching limit up data...
2026-01-20 11:06:47,853 - vibe.data.aggregator - INFO - [Data Activity Summary 60s] AKShareAdapter:dynamic_get_limit_up_pool: 1 calls
2026-01-20 11:06:49,038 - vibe - INFO - [涨停监控服务] Success: 43 records
