2026-01-20 11:07:50,328 - INFO - Tushare Pro API initialized.
2026-01-20 11:07:50,329 - INFO - Registered interval job 60s for 涨停监控服务
2026-01-20 11:07:50,329 - INFO - [涨停监控服务] 已启动: 计划每日 09:20-15:30 运行
2026-01-20 11:07:50,331 - INFO - Service started
2026-01-20 11:07:50,331 - INFO - [涨停监控服务] Syncing trade calendar...
2026-01-20 11:07:50,729 - INFO - [涨停监控服务] Fetching limit up data...
2026-01-20 11:07:50,729 - INFO - [AKShareAdapter:dynamic_get_limit_up_pool] First Fetch: Calling dynamic method
2026-01-20 11:07:51,159 - INFO - [涨停监控服务] Success: 44 records
2026-01-20 11:08:51,161 - INFO - [涨停监控服务] Fetching limit up data...
2026-01-20 11:08:51,168 - INFO - [Data Activity Summary 60s] AKShareAdapter:dynamic_get_limit_up_pool: 1 calls
2026-01-20 11:08:51,590 - INFO - [涨停监控服务] Success: 44 records
2026-01-20 11:09:51,591 - INFO - [涨停监控服务] Fetching limit up data...
2026-01-20 11:09:51,591 - INFO - [Data Activity Summary 60s] AKShareAdapter:dynamic_get_limit_up_pool: 1 calls
2026-01-20 11:09:51,983 - INFO - [涨停监控服务] Success: 44 records
2026-01-20 11:10:51,984 - INFO - [涨停监控服务] Fetching limit up data...
2026-01-20 11:10:51,984 - INFO - [Data Activity Summary 60s] AKShareAdapter:dynamic_get_limit_up_pool: 1 calls
2026-01-20 11:10:52,436 - INFO - [涨停监控服务] Success: 44 records
2026-01-20 11:11:52,437 - INFO - [涨停监控服务] Fetching limit up data...
2026-01-20 11:11:52,437 - INFO - [Data Activity Summary 60s] AKShareAdapter:dynamic_get_limit_up_pool: 1 calls
2026-01-20 11:11:52,808 - INFO - [涨停监控服务] Success: 44 records
2026-01-20 11:12:52,809 - INFO - [涨停监控服务] Fetching limit up data...
2026-01-20 11:12:52,809 - INFO - [Data Activity Summary 60s] AKShareAdapter:dynamic_get_limit_up_pool: 1 calls
2026-01-20 11:12:53,142 - INFO - [涨停监控服务] Success: 44 records
2026-01-20 11:13:53,143 - INFO - [涨停监控服务] Fetching limit up data...
2026-01-20 11:13:53,143 - INFO - [Data Activity Summary 60s] AKShareAdapter:dynamic_get_limit_up_pool: 1 calls
2026-01-20 11:13:53,496 - INFO - [涨停监控服务] Success: 44 records
2026-01-20 11:14:53,496 - INFO - [涨停监控服务] Fetching limit up data...
2026-01-20 11:14:53,497 - INFO - [Data Activity Summary 60s] AKShareAdapter:dynamic_get_limit_up_pool: 1 calls
2026-01-20 11:14:53,838 - INFO - [涨停监控服务] Success: 44 records
2026-01-20 11:15:53,839 - INFO - [涨停监控服务] Fetching limit up data...
2026-01-20 11:15:53,839 - INFO - [Data Activity Summary 60s] AKShareAdapter:dynamic_get_limit_up_pool: 1 calls
2026-01-20 11:15:54,199 - INFO - [涨停监控服务] Success: 44 records
2026-01-20 11:16:54,200 - INFO - [涨停监控服务] Fetching limit up data...
2026-01-20 11:16:54,200 - INFO - [Data Activity Summary 60s] AKShareAdapter:dynamic_get_limit_up_pool: 1 calls
2026-01-20 11:16:54,899 - INFO - [涨停监控服务] Success: 44 records
2026-01-20 11:17:54,899 - INFO - [涨停监控服务] Fetching limit up data...
2026-01-20 11:17:54,900 - INFO - [Data Activity Summary 60s] AKShareAdapter:dynamic_get_limit_up_pool: 1 calls
2026-01-20 11:17:55,236 - INFO - [涨停监控服务] Success: 44 records
2026-01-20 11:18:55,237 - INFO - [涨停监控服务] Fetching limit up data...
2026-01-20 11:18:55,237 - INFO - [Data Activity Summary 60s] AKShareAdapter:dynamic_get_limit_up_pool: 1 calls
2026-01-20 11:18:56,086 - INFO - [涨停监控服务] Success: 44 records
2026-01-20 11:19:56,086 - INFO - [涨停监控服务] Fetching limit up data...
2026-01-20 11:19:56,086 - INFO - [Data Activity Summary 60s] AKShareAdapter:dynamic_get_limit_up_pool: 1 calls
2026-01-20 11:19:56,435 - INFO - [涨停监控服务] Success: 44 records
2026-01-20 11:20:56,436 - INFO - [涨停监控服务] Fetching limit up data...
2026-01-20 11:20:56,436 - INFO - [Data Activity Summary 60s] AKShareAdapter:dynamic_get_limit_up_pool: 1 calls
2026-01-20 11:20:56,830 - INFO - [涨停监控服务] Success: 44 records
2026-01-20 11:21:56,830 - INFO - [涨停监控服务] Fetching limit up data...
2026-01-20 11:21:56,830 - INFO - [Data Activity Summary 60s] AKShareAdapter:dynamic_get_limit_up_pool: 1 calls
2026-01-20 11:21:57,173 - INFO - [涨停监控服务] Success: 44 records
2026-01-20 11:22:57,173 - INFO - [涨停监控服务] Fetching limit up data...
2026-01-20 11:22:57,174 - INFO - [Data Activity Summary 60s] AKShareAdapter:dynamic_get_limit_up_pool: 1 calls
2026-01-20 11:22:57,522 - INFO - [涨停监控服务] Success: 44 records
2026-01-20 11:23:57,523 - INFO - [涨停监控服务] Fetching limit up data...
2026-01-20 11:23:57,523 - INFO - [Data Activity Summary 60s] AKShareAdapter:dynamic_get_limit_up_pool: 1 calls
2026-01-20 11:23:57,913 - INFO - [涨停监控服务] Success: 44 records
2026-01-20 11:24:57,913 - INFO - [涨停监控服务] Fetching limit up data...
2026-01-20 11:24:57,913 - INFO - [Data Activity Summary 60s] AKShareAdapter:dynamic_get_limit_up_pool: 1 calls
2026-01-20 11:24:58,290 - INFO - [涨停监控服务] Success: 44 records
2026-01-20 11:25:58,290 - INFO - [涨停监控服务] Fetching limit up data...
2026-01-20 11:25:58,290 - INFO - [Data Activity Summary 60s] AKShareAdapter:dynamic_get_limit_up_pool: 1 calls
2026-01-20 11:26:01,654 - INFO - [涨停监控服务] Success: 44 records
2026-01-20 11:27:01,655 - INFO - [涨停监控服务] Fetching limit up data...
2026-01-20 11:27:01,655 - INFO - [Data Activity Summary 60s] AKShareAdapter:dynamic_get_limit_up_pool: 1 calls
2026-01-20 11:27:02,028 - INFO - [涨停监控服务] Success: 44 records
2026-01-20 11:28:02,029 - INFO - [涨停监控服务] Fetching limit up data...
2026-01-20 11:28:02,029 - INFO - [Data Activity Summary 60s] AKShareAdapter:dynamic_get_limit_up_pool: 1 calls
2026-01-20 11:28:02,382 - INFO - [涨停监控服务] Success: 44 records
2026-01-20 11:29:02,383 - INFO - [涨停监控服务] Fetching limit up data...
2026-01-20 11:29:02,383 - INFO - [Data Activity Summary 60s] AKShareAdapter:dynamic_get_limit_up_pool: 1 calls
2026-01-20 11:29:02,749 - INFO - [涨停监控服务] Success: 44 records
2026-01-20 11:30:02,749 - INFO - [涨停监控服务] Fetching limit up data...
2026-01-20 11:30:02,750 - INFO - [Data Activity Summary 60s] AKShareAdapter:dynamic_get_limit_up_pool: 1 calls
2026-01-20 11:30:03,382 - INFO - [涨停监控服务] Success: 44 records
2026-01-20 11:31:03,382 - INFO - [涨停监控服务] Fetching limit up data...
2026-01-20 11:31:03,382 - INFO - [Data Activity Summary 60s] AKShareAdapter:dynamic_get_limit_up_pool: 1 calls
2026-01-20 11:31:03,809 - INFO - [涨停监控服务] Success: 44 records
2026-01-20 11:32:03,810 - INFO - [涨停监控服务] Fetching limit up data...
2026-01-20 11:32:03,810 - INFO - [Data Activity Summary 60s] AKShareAdapter:dynamic_get_limit_up_pool: 1 calls
2026-01-20 11:32:04,524 - INFO - [涨停监控服务] Success: 44 records
2026-01-20 11:33:04,525 - INFO - [涨停监控服务] Fetching limit up data...
2026-01-20 11:33:04,525 - INFO - [Data Activity Summary 60s] AKShareAdapter:dynamic_get_limit_up_pool: 1 calls
2026-01-20 11:33:05,122 - INFO - [涨停监控服务] Success: 44 records
2026-01-20 11:34:05,122 - INFO - [涨停监控服务] Fetching limit up data...
2026-01-20 11:34:05,123 - INFO - [Data Activity Summary 60s] AKShareAdapter:dynamic_get_limit_up_pool: 1 calls
2026-01-20 11:34:05,507 - INFO - [涨停监控服务] Success: 44 records
2026-01-20 11:35:05,507 - INFO - [涨停监控服务] Fetching limit up data...
2026-01-20 11:35:05,508 - INFO - [Data Activity Summary 60s] AKShareAdapter:dynamic_get_limit_up_pool: 1 calls
2026-01-20 11:35:05,862 - INFO - [涨停监控服务] Success: 44 records
2026-01-20 11:36:05,864 - INFO - [涨停监控服务] Fetching limit up data...
2026-01-20 11:36:05,864 - INFO - [Data Activity Summary 60s] AKShareAdapter:dynamic_get_limit_up_pool: 1 calls
2026-01-20 11:36:06,237 - INFO - [涨停监控服务] Success: 44 records
2026-01-20 11:37:06,237 - INFO - [涨停监控服务] Fetching limit up data...
2026-01-20 11:37:06,238 - INFO - [Data Activity Summary 60s] AKShareAdapter:dynamic_get_limit_up_pool: 1 calls
2026-01-20 11:37:06,582 - INFO - [涨停监控服务] Success: 44 records
2026-01-20 11:38:06,583 - INFO - [涨停监控服务] Fetching limit up data...
2026-01-20 11:38:06,583 - INFO - [Data Activity Summary 60s] AKShareAdapter:dynamic_get_limit_up_pool: 1 calls
2026-01-20 11:38:07,009 - INFO - [涨停监控服务] Success: 44 records
2026-01-20 11:39:07,009 - INFO - [涨停监控服务] Fetching limit up data...
2026-01-20 11:39:07,010 - INFO - [Data Activity Summary 60s] AKShareAdapter:dynamic_get_limit_up_pool: 1 calls
2026-01-20 11:39:07,384 - INFO - [涨停监控服务] Success: 44 records
2026-01-20 11:40:07,385 - INFO - [涨停监控服务] Fetching limit up data...
2026-01-20 11:40:07,385 - INFO - [Data Activity Summary 60s] AKShareAdapter:dynamic_get_limit_up_pool: 1 calls
2026-01-20 11:40:07,752 - INFO - [涨停监控服务] Success: 44 records
2026-01-20 11:41:07,753 - INFO - [涨停监控服务] Fetching limit up data...
2026-01-20 11:41:07,753 - INFO - [Data Activity Summary 60s] AKShareAdapter:dynamic_get_limit_up_pool: 1 calls
2026-01-20 11:41:08,116 - INFO - [涨停监控服务] Success: 44 records
2026-01-20 11:42:08,117 - INFO - [涨停监控服务] Fetching limit up data...
2026-01-20 11:42:08,117 - INFO - [Data Activity Summary 60s] AKShareAdapter:dynamic_get_limit_up_pool: 1 calls
2026-01-20 11:42:08,491 - INFO - [涨停监控服务] Success: 44 records
2026-01-20 11:43:08,492 - INFO - [涨停监控服务] Fetching limit up data...
2026-01-20 11:43:08,492 - INFO - [Data Activity Summary 60s] AKShareAdapter:dynamic_get_limit_up_pool: 1 calls
2026-01-20 11:43:08,861 - INFO - [涨停监控服务] Success: 44 records
2026-01-20 11:44:08,862 - INFO - [涨停监控服务] Fetching limit up data...
2026-01-20 11:44:08,862 - INFO - [Data Activity Summary 60s] AKShareAdapter:dynamic_get_limit_up_pool: 1 calls
2026-01-20 11:44:09,244 - INFO - [涨停监控服务] Success: 44 records
2026-01-20 11:45:09,245 - INFO - [涨停监控服务] Fetching limit up data...
2026-01-20 11:45:09,246 - INFO - [Data Activity Summary 60s] AKShareAdapter:dynamic_get_limit_up_pool: 1 calls
2026-01-20 11:45:09,639 - INFO - [涨停监控服务] Success: 44 records
2026-01-20 11:46:09,640 - INFO - [涨停监控服务] Fetching limit up data...
2026-01-20 11:46:09,640 - INFO - [Data Activity Summary 60s] AKShareAdapter:dynamic_get_limit_up_pool: 1 calls
2026-01-20 11:46:10,057 - INFO - [涨停监控服务] Success: 44 records
2026-01-20 11:47:10,057 - INFO - [涨停监控服务] Fetching limit up data...
2026-01-20 11:47:10,057 - INFO - [Data Activity Summary 60s] AKShareAdapter:dynamic_get_limit_up_pool: 1 calls
2026-01-20 11:47:10,453 - INFO - [涨停监控服务] Success: 44 records
2026-01-20 11:48:10,454 - INFO - [涨停监控服务] Fetching limit up data...
2026-01-20 11:48:10,455 - INFO - [Data Activity Summary 60s] AKShareAdapter:dynamic_get_limit_up_pool: 1 calls
2026-01-20 11:48:10,873 - INFO - [涨停监控服务] Success: 44 records
2026-01-20 11:49:10,874 - INFO - [涨停监控服务] Fetching limit up data...
2026-01-20 11:49:10,874 - INFO - [Data Activity Summary 60s] AKShareAdapter:dynamic_get_limit_up_pool: 1 calls
2026-01-20 11:49:11,671 - INFO - [涨停监控服务] Success: 44 records
2026-01-20 11:50:11,672 - INFO - [涨停监控服务] Fetching limit up data...
2026-01-20 11:50:11,672 - INFO - [Data Activity Summary 60s] AKShareAdapter:dynamic_get_limit_up_pool: 1 calls
2026-01-20 11:50:14,088 - INFO - [涨停监控服务] Success: 44 records
2026-01-20 11:51:14,088 - INFO - [涨停监控服务] Fetching limit up data...
2026-01-20 11:51:14,089 - INFO - [Data Activity Summary 60s] AKShareAdapter:dynamic_get_limit_up_pool: 1 calls
2026-01-20 11:51:15,512 - INFO - [涨停监控服务] Success: 44 records
2026-01-20 11:52:15,514 - INFO - [涨停监控服务] Fetching limit up data...
2026-01-20 11:52:15,514 - INFO - [Data Activity Summary 60s] AKShareAdapter:dynamic_get_limit_up_pool: 1 calls
2026-01-20 11:52:19,282 - INFO - [涨停监控服务] Success: 44 records
2026-01-20 11:53:19,283 - INFO - [涨停监控服务] Fetching limit up data...
2026-01-20 11:53:19,283 - INFO - [Data Activity Summary 60s] AKShareAdapter:dynamic_get_limit_up_pool: 1 calls
2026-01-20 11:53:19,965 - INFO - [涨停监控服务] Success: 44 records
2026-01-20 11:54:19,966 - INFO - [涨停监控服务] Fetching limit up data...
2026-01-20 11:54:19,966 - INFO - [Data Activity Summary 60s] AKShareAdapter:dynamic_get_limit_up_pool: 1 calls
2026-01-20 11:54:20,404 - INFO - [涨停监控服务] Success: 44 records
2026-01-20 11:55:20,405 - INFO - [涨停监控服务] Fetching limit up data...
2026-01-20 11:55:20,405 - INFO - [Data Activity Summary 60s] AKShareAdapter:dynamic_get_limit_up_pool: 1 calls
2026-01-20 11:55:20,846 - INFO - [涨停监控服务] Success: 44 records
2026-01-20 11:56:20,848 - INFO - [涨停监控服务] Fetching limit up data...
2026-01-20 11:56:20,848 - INFO - [Data Activity Summary 60s] AKShareAdapter:dynamic_get_limit_up_pool: 1 calls
2026-01-20 11:56:21,279 - INFO - [涨停监控服务] Success: 44 records
2026-01-20 11:57:21,279 - INFO - [涨停监控服务] Fetching limit up data...
2026-01-20 11:57:21,280 - INFO - [Data Activity Summary 60s] AKShareAdapter:dynamic_get_limit_up_pool: 1 calls
2026-01-20 11:57:21,691 - INFO - [涨停监控服务] Success: 44 records
2026-01-20 11:58:21,692 - INFO - [涨停监控服务] Fetching limit up data...
2026-01-20 11:58:21,692 - INFO - [Data Activity Summary 60s] AKShareAdapter:dynamic_get_limit_up_pool: 1 calls
2026-01-20 11:58:22,113 - INFO - [涨停监控服务] Success: 44 records
2026-01-20 11:59:22,114 - INFO - [涨停监控服务] Fetching limit up data...
2026-01-20 11:59:22,114 - INFO - [Data Activity Summary 60s] AKShareAdapter:dynamic_get_limit_up_pool: 1 calls
2026-01-20 11:59:22,585 - INFO - [涨停监控服务] Success: 44 records
2026-01-20 12:00:22,587 - INFO - [涨停监控服务] Fetching limit up data...
2026-01-20 12:00:22,587 - INFO - [Data Activity Summary 60s] AKShareAdapter:dynamic_get_limit_up_pool: 1 calls
2026-01-20 12:00:22,989 - INFO - [涨停监控服务] Success: 44 records
2026-01-20 12:01:22,990 - INFO - [涨停监控服务] Fetching limit up data...
2026-01-20 12:01:22,991 - INFO - [Data Activity Summary 60s] AKShareAdapter:dynamic_get_limit_up_pool: 1 calls
2026-01-20 12:01:23,392 - INFO - [涨停监控服务] Success: 44 records
2026-01-20 12:02:23,393 - INFO - [涨停监控服务] Fetching limit up data...
2026-01-20 12:02:23,393 - INFO - [Data Activity Summary 60s] AKShareAdapter:dynamic_get_limit_up_pool: 1 calls
2026-01-20 12:02:23,784 - INFO - [涨停监控服务] Success: 44 records
2026-01-20 12:03:23,785 - INFO - [涨停监控服务] Fetching limit up data...
2026-01-20 12:03:23,785 - INFO - [Data Activity Summary 60s] AKShareAdapter:dynamic_get_limit_up_pool: 1 calls
2026-01-20 12:03:24,200 - INFO - [涨停监控服务] Success: 44 records
2026-01-20 12:04:24,200 - INFO - [涨停监控服务] Fetching limit up data...
2026-01-20 12:04:24,200 - INFO - [Data Activity Summary 60s] AKShareAdapter:dynamic_get_limit_up_pool: 1 calls
2026-01-20 12:04:24,581 - INFO - [涨停监控服务] Success: 44 records
2026-01-20 12:05:24,582 - INFO - [涨停监控服务] Fetching limit up data...
2026-01-20 12:05:24,582 - INFO - [Data Activity Summary 60s] AKShareAdapter:dynamic_get_limit_up_pool: 1 calls
2026-01-20 12:05:24,968 - INFO - [涨停监控服务] Success: 44 records
2026-01-20 12:06:24,968 - INFO - [涨停监控服务] Fetching limit up data...
2026-01-20 12:06:24,968 - INFO - [Data Activity Summary 60s] AKShareAdapter:dynamic_get_limit_up_pool: 1 calls
2026-01-20 12:06:25,364 - INFO - [涨停监控服务] Success: 44 records
2026-01-20 12:07:25,365 - INFO - [涨停监控服务] Fetching limit up data...
2026-01-20 12:07:25,365 - INFO - [Data Activity Summary 60s] AKShareAdapter:dynamic_get_limit_up_pool: 1 calls
2026-01-20 12:07:25,773 - INFO - [涨停监控服务] Success: 44 records
2026-01-20 12:08:25,774 - INFO - [涨停监控服务] Fetching limit up data...
2026-01-20 12:08:25,774 - INFO - [Data Activity Summary 60s] AKShareAdapter:dynamic_get_limit_up_pool: 1 calls
2026-01-20 12:08:26,167 - INFO - [涨停监控服务] Success: 44 records
2026-01-20 12:09:26,168 - INFO - [涨停监控服务] Fetching limit up data...
2026-01-20 12:09:26,168 - INFO - [Data Activity Summary 60s] AKShareAdapter:dynamic_get_limit_up_pool: 1 calls
2026-01-20 12:09:26,556 - INFO - [涨停监控服务] Success: 44 records
2026-01-20 12:10:26,557 - INFO - [涨停监控服务] Fetching limit up data...
2026-01-20 12:10:26,557 - INFO - [Data Activity Summary 60s] AKShareAdapter:dynamic_get_limit_up_pool: 1 calls
2026-01-20 12:10:26,935 - INFO - [涨停监控服务] Success: 44 records
2026-01-20 12:11:26,935 - INFO - [涨停监控服务] Fetching limit up data...
2026-01-20 12:11:26,935 - INFO - [Data Activity Summary 60s] AKShareAdapter:dynamic_get_limit_up_pool: 1 calls
2026-01-20 12:11:27,335 - INFO - [涨停监控服务] Success: 44 records
2026-01-20 12:12:27,336 - INFO - [涨停监控服务] Fetching limit up data...
2026-01-20 12:12:27,336 - INFO - [Data Activity Summary 60s] AKShareAdapter:dynamic_get_limit_up_pool: 1 calls
2026-01-20 12:12:27,819 - INFO - [涨停监控服务] Success: 44 records
2026-01-20 12:13:27,820 - INFO - [涨停监控服务] Fetching limit up data...
2026-01-20 12:13:27,820 - INFO - [Data Activity Summary 60s] AKShareAdapter:dynamic_get_limit_up_pool: 1 calls
2026-01-20 12:13:28,211 - INFO - [涨停监控服务] Success: 44 records
2026-01-20 12:14:28,212 - INFO - [涨停监控服务] Fetching limit up data...
2026-01-20 12:14:28,212 - INFO - [Data Activity Summary 60s] AKShareAdapter:dynamic_get_limit_up_pool: 1 calls
2026-01-20 12:14:28,614 - INFO - [涨停监控服务] Success: 44 records
2026-01-20 12:15:28,615 - INFO - [涨停监控服务] Fetching limit up data...
2026-01-20 12:15:28,615 - INFO - [Data Activity Summary 60s] AKShareAdapter:dynamic_get_limit_up_pool: 1 calls
2026-01-20 12:15:29,003 - INFO - [涨停监控服务] Success: 44 records
2026-01-20 12:16:29,004 - INFO - [涨停监控服务] Fetching limit up data...
2026-01-20 12:16:29,004 - INFO - [Data Activity Summary 60s] AKShareAdapter:dynamic_get_limit_up_pool: 1 calls
2026-01-20 12:16:29,417 - INFO - [涨停监控服务] Success: 44 records
2026-01-20 12:17:29,418 - INFO - [涨停监控服务] Fetching limit up data...
2026-01-20 12:17:29,418 - INFO - [Data Activity Summary 60s] AKShareAdapter:dynamic_get_limit_up_pool: 1 calls
2026-01-20 12:17:29,833 - INFO - [涨停监控服务] Success: 44 records
2026-01-20 12:18:29,833 - INFO - [涨停监控服务] Fetching limit up data...
2026-01-20 12:18:29,834 - INFO - [Data Activity Summary 60s] AKShareAdapter:dynamic_get_limit_up_pool: 1 calls
2026-01-20 12:18:30,251 - INFO - [涨停监控服务] Success: 44 records
2026-01-20 12:19:30,252 - INFO - [涨停监控服务] Fetching limit up data...
2026-01-20 12:19:30,252 - INFO - [Data Activity Summary 60s] AKShareAdapter:dynamic_get_limit_up_pool: 1 calls
2026-01-20 12:19:30,628 - INFO - [涨停监控服务] Success: 44 records
2026-01-20 12:20:30,630 - INFO - [涨停监控服务] Fetching limit up data...
2026-01-20 12:20:30,630 - INFO - [Data Activity Summary 60s] AKShareAdapter:dynamic_get_limit_up_pool: 1 calls
2026-01-20 12:20:31,314 - INFO - [涨停监控服务] Success: 44 records
2026-01-20 12:21:31,316 - INFO - [涨停监控服务] Fetching limit up data...
2026-01-20 12:21:31,316 - INFO - [Data Activity Summary 60s] AKShareAdapter:dynamic_get_limit_up_pool: 1 calls
2026-01-20 12:21:31,896 - INFO - [涨停监控服务] Success: 44 records
2026-01-20 12:22:31,896 - INFO - [涨停监控服务] Fetching limit up data...
2026-01-20 12:22:31,896 - INFO - [Data Activity Summary 60s] AKShareAdapter:dynamic_get_limit_up_pool: 1 calls
2026-01-20 12:22:32,642 - INFO - [涨停监控服务] Success: 44 records
2026-01-20 12:23:32,643 - INFO - [涨停监控服务] Fetching limit up data...
2026-01-20 12:23:32,644 - INFO - [Data Activity Summary 60s] AKShareAdapter:dynamic_get_limit_up_pool: 1 calls
2026-01-20 12:23:33,034 - INFO - [涨停监控服务] Success: 44 records
2026-01-20 12:24:33,036 - INFO - [涨停监控服务] Fetching limit up data...
2026-01-20 12:24:33,036 - INFO - [Data Activity Summary 60s] AKShareAdapter:dynamic_get_limit_up_pool: 1 calls
2026-01-20 12:24:33,468 - INFO - [涨停监控服务] Success: 44 records
2026-01-20 12:25:33,469 - INFO - [涨停监控服务] Fetching limit up data...
2026-01-20 12:25:33,469 - INFO - [Data Activity Summary 60s] AKShareAdapter:dynamic_get_limit_up_pool: 1 calls
2026-01-20 12:25:33,924 - INFO - [涨停监控服务] Success: 44 records
2026-01-20 12:26:33,925 - INFO - [涨停监控服务] Fetching limit up data...
2026-01-20 12:26:33,925 - INFO - [Data Activity Summary 60s] AKShareAdapter:dynamic_get_limit_up_pool: 1 calls
2026-01-20 12:26:34,639 - INFO - [涨停监控服务] Success: 44 records
2026-01-20 12:27:34,640 - INFO - [涨停监控服务] Fetching limit up data...
2026-01-20 12:27:34,641 - INFO - [Data Activity Summary 60s] AKShareAdapter:dynamic_get_limit_up_pool: 1 calls
2026-01-20 12:27:35,043 - INFO - [涨停监控服务] Success: 44 records
2026-01-20 12:28:35,044 - INFO - [涨停监控服务] Fetching limit up data...
2026-01-20 12:28:35,045 - INFO - [Data Activity Summary 60s] AKShareAdapter:dynamic_get_limit_up_pool: 1 calls
2026-01-20 12:28:35,520 - INFO - [涨停监控服务] Success: 44 records
2026-01-20 12:29:35,521 - INFO - [涨停监控服务] Fetching limit up data...
2026-01-20 12:29:35,521 - INFO - [Data Activity Summary 60s] AKShareAdapter:dynamic_get_limit_up_pool: 1 calls
2026-01-20 12:29:35,911 - INFO - [涨停监控服务] Success: 44 records
2026-01-20 12:30:35,912 - INFO - [涨停监控服务] Fetching limit up data...
2026-01-20 12:30:35,912 - INFO - [Data Activity Summary 60s] AKShareAdapter:dynamic_get_limit_up_pool: 1 calls
2026-01-20 12:30:36,638 - INFO - [涨停监控服务] Success: 44 records
2026-01-20 12:31:36,638 - INFO - [涨停监控服务] Fetching limit up data...
2026-01-20 12:31:36,639 - INFO - [Data Activity Summary 60s] AKShareAdapter:dynamic_get_limit_up_pool: 1 calls
2026-01-20 12:31:37,081 - INFO - [涨停监控服务] Success: 44 records
2026-01-20 12:32:37,082 - INFO - [涨停监控服务] Fetching limit up data...
2026-01-20 12:32:37,082 - INFO - [Data Activity Summary 60s] AKShareAdapter:dynamic_get_limit_up_pool: 1 calls
2026-01-20 12:32:37,482 - INFO - [涨停监控服务] Success: 44 records
2026-01-20 12:33:37,483 - INFO - [涨停监控服务] Fetching limit up data...
2026-01-20 12:33:37,483 - INFO - [Data Activity Summary 60s] AKShareAdapter:dynamic_get_limit_up_pool: 1 calls
2026-01-20 12:33:37,880 - INFO - [涨停监控服务] Success: 44 records
2026-01-20 12:34:37,881 - INFO - [涨停监控服务] Fetching limit up data...
2026-01-20 12:34:37,881 - INFO - [Data Activity Summary 60s] AKShareAdapter:dynamic_get_limit_up_pool: 1 calls
2026-01-20 12:34:38,559 - INFO - [涨停监控服务] Success: 44 records
2026-01-20 12:35:38,560 - INFO - [涨停监控服务] Fetching limit up data...
2026-01-20 12:35:38,560 - INFO - [Data Activity Summary 60s] AKShareAdapter:dynamic_get_limit_up_pool: 1 calls
2026-01-20 12:35:38,996 - INFO - [涨停监控服务] Success: 44 records
2026-01-20 12:36:38,997 - INFO - [涨停监控服务] Fetching limit up data...
2026-01-20 12:36:38,997 - INFO - [Data Activity Summary 60s] AKShareAdapter:dynamic_get_limit_up_pool: 1 calls
2026-01-20 12:36:39,694 - INFO - [涨停监控服务] Success: 44 records
2026-01-20 12:37:39,695 - INFO - [涨停监控服务] Fetching limit up data...
2026-01-20 12:37:39,695 - INFO - [Data Activity Summary 60s] AKShareAdapter:dynamic_get_limit_up_pool: 1 calls
2026-01-20 12:37:40,349 - INFO - [涨停监控服务] Success: 44 records
2026-01-20 12:38:40,350 - INFO - [涨停监控服务] Fetching limit up data...
2026-01-20 12:38:40,350 - INFO - [Data Activity Summary 60s] AKShareAdapter:dynamic_get_limit_up_pool: 1 calls
2026-01-20 12:38:40,772 - INFO - [涨停监控服务] Success: 44 records
2026-01-20 12:39:40,773 - INFO - [涨停监控服务] Fetching limit up data...
2026-01-20 12:39:40,773 - INFO - [Data Activity Summary 60s] AKShareAdapter:dynamic_get_limit_up_pool: 1 calls
2026-01-20 12:39:41,183 - INFO - [涨停监控服务] Success: 44 records
2026-01-20 12:40:41,184 - INFO - [涨停监控服务] Fetching limit up data...
2026-01-20 12:40:41,184 - INFO - [Data Activity Summary 60s] AKShareAdapter:dynamic_get_limit_up_pool: 1 calls
2026-01-20 12:40:41,846 - INFO - [涨停监控服务] Success: 44 records
2026-01-20 12:41:41,847 - INFO - [涨停监控服务] Fetching limit up data...
2026-01-20 12:41:41,847 - INFO - [Data Activity Summary 60s] AKShareAdapter:dynamic_get_limit_up_pool: 1 calls
2026-01-20 12:41:42,285 - INFO - [涨停监控服务] Success: 44 records
2026-01-20 12:42:42,285 - INFO - [涨停监控服务] Fetching limit up data...
2026-01-20 12:42:42,286 - INFO - [Data Activity Summary 60s] AKShareAdapter:dynamic_get_limit_up_pool: 1 calls
2026-01-20 12:42:42,683 - INFO - [涨停监控服务] Success: 44 records
2026-01-20 12:43:42,684 - INFO - [涨停监控服务] Fetching limit up data...
2026-01-20 12:43:42,685 - INFO - [Data Activity Summary 60s] AKShareAdapter:dynamic_get_limit_up_pool: 1 calls
2026-01-20 12:43:43,146 - INFO - [涨停监控服务] Success: 44 records
2026-01-20 12:44:43,147 - INFO - [涨停监控服务] Fetching limit up data...
2026-01-20 12:44:43,147 - INFO - [Data Activity Summary 60s] AKShareAdapter:dynamic_get_limit_up_pool: 1 calls
2026-01-20 12:44:43,552 - INFO - [涨停监控服务] Success: 44 records
2026-01-20 12:45:43,553 - INFO - [涨停监控服务] Fetching limit up data...
2026-01-20 12:45:43,553 - INFO - [Data Activity Summary 60s] AKShareAdapter:dynamic_get_limit_up_pool: 1 calls
2026-01-20 12:45:43,981 - INFO - [涨停监控服务] Success: 44 records
2026-01-20 12:46:43,983 - INFO - [涨停监控服务] Fetching limit up data...
2026-01-20 12:46:43,983 - INFO - [Data Activity Summary 60s] AKShareAdapter:dynamic_get_limit_up_pool: 1 calls
2026-01-20 12:46:44,444 - INFO - [涨停监控服务] Success: 44 records
2026-01-20 12:47:44,445 - INFO - [涨停监控服务] Fetching limit up data...
2026-01-20 12:47:44,446 - INFO - [Data Activity Summary 60s] AKShareAdapter:dynamic_get_limit_up_pool: 1 calls
2026-01-20 12:47:44,895 - INFO - [涨停监控服务] Success: 44 records
2026-01-20 12:48:44,896 - INFO - [涨停监控服务] Fetching limit up data...
2026-01-20 12:48:44,897 - INFO - [Data Activity Summary 60s] AKShareAdapter:dynamic_get_limit_up_pool: 1 calls
2026-01-20 12:48:45,317 - INFO - [涨停监控服务] Success: 44 records
2026-01-20 12:49:45,318 - INFO - [涨停监控服务] Fetching limit up data...
2026-01-20 12:49:45,318 - INFO - [Data Activity Summary 60s] AKShareAdapter:dynamic_get_limit_up_pool: 1 calls
2026-01-20 12:49:45,724 - INFO - [涨停监控服务] Success: 44 records
2026-01-20 12:50:45,724 - INFO - [涨停监控服务] Fetching limit up data...
2026-01-20 12:50:45,725 - INFO - [Data Activity Summary 60s] AKShareAdapter:dynamic_get_limit_up_pool: 1 calls
2026-01-20 12:50:46,130 - INFO - [涨停监控服务] Success: 44 records
2026-01-20 12:51:46,131 - INFO - [涨停监控服务] Fetching limit up data...
2026-01-20 12:51:46,131 - INFO - [Data Activity Summary 60s] AKShareAdapter:dynamic_get_limit_up_pool: 1 calls
2026-01-20 12:51:46,690 - INFO - [涨停监控服务] Success: 44 records
2026-01-20 12:52:46,691 - INFO - [涨停监控服务] Fetching limit up data...
2026-01-20 12:52:46,691 - INFO - [Data Activity Summary 60s] AKShareAdapter:dynamic_get_limit_up_pool: 1 calls
2026-01-20 12:52:47,114 - INFO - [涨停监控服务] Success: 44 records
2026-01-20 12:53:47,116 - INFO - [涨停监控服务] Fetching limit up data...
2026-01-20 12:53:47,116 - INFO - [Data Activity Summary 60s] AKShareAdapter:dynamic_get_limit_up_pool: 1 calls
2026-01-20 12:53:47,512 - INFO - [涨停监控服务] Success: 44 records
2026-01-20 12:54:47,513 - INFO - [涨停监控服务] Fetching limit up data...
2026-01-20 12:54:47,513 - INFO - [Data Activity Summary 60s] AKShareAdapter:dynamic_get_limit_up_pool: 1 calls
2026-01-20 12:54:47,999 - INFO - [涨停监控服务] Success: 44 records
2026-01-20 12:55:48,000 - INFO - [涨停监控服务] Fetching limit up data...
2026-01-20 12:55:48,000 - INFO - [Data Activity Summary 60s] AKShareAdapter:dynamic_get_limit_up_pool: 1 calls
2026-01-20 12:55:48,396 - INFO - [涨停监控服务] Success: 44 records
2026-01-20 12:56:48,397 - INFO - [涨停监控服务] Fetching limit up data...
2026-01-20 12:56:48,398 - INFO - [Data Activity Summary 60s] AKShareAdapter:dynamic_get_limit_up_pool: 1 calls
2026-01-20 12:56:48,773 - INFO - [涨停监控服务] Success: 44 records
2026-01-20 12:57:48,774 - INFO - [涨停监控服务] Fetching limit up data...
2026-01-20 12:57:48,774 - INFO - [Data Activity Summary 60s] AKShareAdapter:dynamic_get_limit_up_pool: 1 calls
2026-01-20 12:57:49,278 - INFO - [涨停监控服务] Success: 44 records
2026-01-20 12:58:49,279 - INFO - [涨停监控服务] Fetching limit up data...
2026-01-20 12:58:49,279 - INFO - [Data Activity Summary 60s] AKShareAdapter:dynamic_get_limit_up_pool: 1 calls
2026-01-20 12:58:49,909 - INFO - [涨停监控服务] Success: 44 records
2026-01-20 12:59:49,910 - INFO - [涨停监控服务] Fetching limit up data...
2026-01-20 12:59:49,910 - INFO - [Data Activity Summary 60s] AKShareAdapter:dynamic_get_limit_up_pool: 1 calls
2026-01-20 12:59:50,341 - INFO - [涨停监控服务] Success: 44 records
2026-01-20 13:00:50,341 - INFO - [涨停监控服务] Fetching limit up data...
2026-01-20 13:00:50,342 - INFO - [Data Activity Summary 60s] AKShareAdapter:dynamic_get_limit_up_pool: 1 calls
2026-01-20 13:00:50,726 - INFO - [涨停监控服务] Success: 45 records
2026-01-20 13:01:50,727 - INFO - [涨停监控服务] Fetching limit up data...
2026-01-20 13:01:50,727 - INFO - [Data Activity Summary 60s] AKShareAdapter:dynamic_get_limit_up_pool: 1 calls
2026-01-20 13:01:51,208 - INFO - [涨停监控服务] Success: 45 records
2026-01-20 13:02:51,208 - INFO - [涨停监控服务] Fetching limit up data...
2026-01-20 13:02:51,208 - INFO - [Data Activity Summary 60s] AKShareAdapter:dynamic_get_limit_up_pool: 1 calls
2026-01-20 13:02:51,670 - INFO - [涨停监控服务] Success: 45 records
2026-01-20 13:03:51,670 - INFO - [涨停监控服务] Fetching limit up data...
2026-01-20 13:03:51,671 - INFO - [Data Activity Summary 60s] AKShareAdapter:dynamic_get_limit_up_pool: 1 calls
2026-01-20 13:03:52,047 - INFO - [涨停监控服务] Success: 46 records
2026-01-20 13:04:52,048 - INFO - [涨停监控服务] Fetching limit up data...
2026-01-20 13:04:52,048 - INFO - [Data Activity Summary 60s] AKShareAdapter:dynamic_get_limit_up_pool: 1 calls
2026-01-20 13:04:52,413 - INFO - [涨停监控服务] Success: 47 records
2026-01-20 13:05:52,413 - INFO - [涨停监控服务] Fetching limit up data...
2026-01-20 13:05:52,413 - INFO - [Data Activity Summary 60s] AKShareAdapter:dynamic_get_limit_up_pool: 1 calls
2026-01-20 13:05:52,786 - INFO - [涨停监控服务] Success: 47 records
2026-01-20 13:06:52,787 - INFO - [涨停监控服务] Fetching limit up data...
2026-01-20 13:06:52,787 - INFO - [Data Activity Summary 60s] AKShareAdapter:dynamic_get_limit_up_pool: 1 calls
2026-01-20 13:06:53,448 - INFO - [涨停监控服务] Success: 47 records
2026-01-20 13:07:53,449 - INFO - [涨停监控服务] Fetching limit up data...
2026-01-20 13:07:53,449 - INFO - [Data Activity Summary 60s] AKShareAdapter:dynamic_get_limit_up_pool: 1 calls
2026-01-20 13:07:53,840 - INFO - [涨停监控服务] Success: 47 records
2026-01-20 13:08:53,841 - INFO - [涨停监控服务] Fetching limit up data...
2026-01-20 13:08:53,841 - INFO - [Data Activity Summary 60s] AKShareAdapter:dynamic_get_limit_up_pool: 1 calls
2026-01-20 13:08:54,208 - INFO - [涨停监控服务] Success: 46 records
2026-01-20 13:09:54,210 - INFO - [涨停监控服务] Fetching limit up data...
2026-01-20 13:09:54,210 - INFO - [Data Activity Summary 60s] AKShareAdapter:dynamic_get_limit_up_pool: 1 calls
2026-01-20 13:09:54,883 - INFO - [涨停监控服务] Success: 45 records
2026-01-20 13:10:54,884 - INFO - [涨停监控服务] Fetching limit up data...
2026-01-20 13:10:54,884 - INFO - [Data Activity Summary 60s] AKShareAdapter:dynamic_get_limit_up_pool: 1 calls
2026-01-20 13:10:55,277 - INFO - [涨停监控服务] Success: 45 records
2026-01-20 13:11:55,278 - INFO - [涨停监控服务] Fetching limit up data...
2026-01-20 13:11:55,278 - INFO - [Data Activity Summary 60s] AKShareAdapter:dynamic_get_limit_up_pool: 1 calls
2026-01-20 13:11:55,682 - INFO - [涨停监控服务] Success: 45 records
2026-01-20 13:12:55,683 - INFO - [涨停监控服务] Fetching limit up data...
2026-01-20 13:12:55,683 - INFO - [Data Activity Summary 60s] AKShareAdapter:dynamic_get_limit_up_pool: 1 calls
2026-01-20 13:12:56,036 - INFO - [涨停监控服务] Success: 45 records
2026-01-20 13:13:56,037 - INFO - [涨停监控服务] Fetching limit up data...
2026-01-20 13:13:56,037 - INFO - [Data Activity Summary 60s] AKShareAdapter:dynamic_get_limit_up_pool: 1 calls
2026-01-20 13:13:56,410 - INFO - [涨停监控服务] Success: 45 records
2026-01-20 13:14:56,411 - INFO - [涨停监控服务] Fetching limit up data...
2026-01-20 13:14:56,411 - INFO - [Data Activity Summary 60s] AKShareAdapter:dynamic_get_limit_up_pool: 1 calls
2026-01-20 13:14:56,800 - INFO - [涨停监控服务] Success: 46 records
2026-01-20 13:15:56,800 - INFO - [涨停监控服务] Fetching limit up data...
2026-01-20 13:15:56,800 - INFO - [Data Activity Summary 60s] AKShareAdapter:dynamic_get_limit_up_pool: 1 calls
2026-01-20 13:15:57,196 - INFO - [涨停监控服务] Success: 46 records
2026-01-20 13:16:57,196 - INFO - [涨停监控服务] Fetching limit up data...
2026-01-20 13:16:57,197 - INFO - [Data Activity Summary 60s] AKShareAdapter:dynamic_get_limit_up_pool: 1 calls
2026-01-20 13:16:57,579 - INFO - [涨停监控服务] Success: 46 records
2026-01-20 13:17:57,580 - INFO - [涨停监控服务] Fetching limit up data...
2026-01-20 13:17:57,580 - INFO - [Data Activity Summary 60s] AKShareAdapter:dynamic_get_limit_up_pool: 1 calls
2026-01-20 13:17:58,314 - INFO - [涨停监控服务] Success: 46 records
2026-01-20 13:18:58,314 - INFO - [涨停监控服务] Fetching limit up data...
2026-01-20 13:18:58,315 - INFO - [Data Activity Summary 60s] AKShareAdapter:dynamic_get_limit_up_pool: 1 calls
2026-01-20 13:18:58,706 - INFO - [涨停监控服务] Success: 47 records
2026-01-20 13:19:58,707 - INFO - [涨停监控服务] Fetching limit up data...
2026-01-20 13:19:58,707 - INFO - [Data Activity Summary 60s] AKShareAdapter:dynamic_get_limit_up_pool: 1 calls
2026-01-20 13:19:59,067 - INFO - [涨停监控服务] Success: 47 records
2026-01-20 13:20:59,068 - INFO - [涨停监控服务] Fetching limit up data...
2026-01-20 13:20:59,068 - INFO - [Data Activity Summary 60s] AKShareAdapter:dynamic_get_limit_up_pool: 1 calls
2026-01-20 13:20:59,422 - INFO - [涨停监控服务] Success: 47 records
2026-01-20 13:21:59,423 - INFO - [涨停监控服务] Fetching limit up data...
2026-01-20 13:21:59,424 - INFO - [Data Activity Summary 60s] AKShareAdapter:dynamic_get_limit_up_pool: 1 calls
2026-01-20 13:21:59,757 - INFO - [涨停监控服务] Success: 47 records
2026-01-20 13:22:59,758 - INFO - [涨停监控服务] Fetching limit up data...
2026-01-20 13:22:59,758 - INFO - [Data Activity Summary 60s] AKShareAdapter:dynamic_get_limit_up_pool: 1 calls
2026-01-20 13:23:00,426 - INFO - [涨停监控服务] Success: 47 records
2026-01-20 13:24:00,427 - INFO - [涨停监控服务] Fetching limit up data...
2026-01-20 13:24:00,427 - INFO - [Data Activity Summary 60s] AKShareAdapter:dynamic_get_limit_up_pool: 1 calls
2026-01-20 13:24:00,785 - INFO - [涨停监控服务] Success: 47 records
2026-01-20 13:25:00,786 - INFO - [涨停监控服务] Fetching limit up data...
2026-01-20 13:25:00,786 - INFO - [Data Activity Summary 60s] AKShareAdapter:dynamic_get_limit_up_pool: 1 calls
2026-01-20 13:25:01,112 - INFO - [涨停监控服务] Success: 47 records
2026-01-20 13:26:01,113 - INFO - [涨停监控服务] Fetching limit up data...
2026-01-20 13:26:01,113 - INFO - [Data Activity Summary 60s] AKShareAdapter:dynamic_get_limit_up_pool: 1 calls
2026-01-20 13:26:01,711 - INFO - [涨停监控服务] Success: 47 records
2026-01-20 13:27:01,712 - INFO - [涨停监控服务] Fetching limit up data...
2026-01-20 13:27:01,712 - INFO - [Data Activity Summary 60s] AKShareAdapter:dynamic_get_limit_up_pool: 1 calls
2026-01-20 13:27:02,052 - INFO - [涨停监控服务] Success: 48 records
2026-01-20 13:28:02,053 - INFO - [涨停监控服务] Fetching limit up data...
2026-01-20 13:28:02,053 - INFO - [Data Activity Summary 60s] AKShareAdapter:dynamic_get_limit_up_pool: 1 calls
2026-01-20 13:28:02,375 - INFO - [涨停监控服务] Success: 48 records
2026-01-20 13:29:02,375 - INFO - [涨停监控服务] Fetching limit up data...
2026-01-20 13:29:02,376 - INFO - [Data Activity Summary 60s] AKShareAdapter:dynamic_get_limit_up_pool: 1 calls
2026-01-20 13:29:02,705 - INFO - [涨停监控服务] Success: 47 records
2026-01-20 13:30:02,705 - INFO - [涨停监控服务] Fetching limit up data...
2026-01-20 13:30:02,706 - INFO - [Data Activity Summary 60s] AKShareAdapter:dynamic_get_limit_up_pool: 1 calls
2026-01-20 13:30:03,335 - INFO - [涨停监控服务] Success: 48 records
2026-01-20 13:31:03,335 - INFO - [涨停监控服务] Fetching limit up data...
2026-01-20 13:31:03,335 - INFO - [Data Activity Summary 60s] AKShareAdapter:dynamic_get_limit_up_pool: 1 calls
2026-01-20 13:31:03,720 - INFO - [涨停监控服务] Success: 48 records
2026-01-20 13:32:03,720 - INFO - [涨停监控服务] Fetching limit up data...
2026-01-20 13:32:03,721 - INFO - [Data Activity Summary 60s] AKShareAdapter:dynamic_get_limit_up_pool: 1 calls
2026-01-20 13:32:04,034 - INFO - [涨停监控服务] Success: 47 records
2026-01-20 13:33:04,035 - INFO - [涨停监控服务] Fetching limit up data...
2026-01-20 13:33:04,035 - INFO - [Data Activity Summary 60s] AKShareAdapter:dynamic_get_limit_up_pool: 1 calls
2026-01-20 13:33:04,358 - INFO - [涨停监控服务] Success: 48 records
2026-01-20 13:34:04,359 - INFO - [涨停监控服务] Fetching limit up data...
2026-01-20 13:34:04,359 - INFO - [Data Activity Summary 60s] AKShareAdapter:dynamic_get_limit_up_pool: 1 calls
2026-01-20 13:34:04,766 - INFO - [涨停监控服务] Success: 48 records
2026-01-20 13:35:04,767 - INFO - [涨停监控服务] Fetching limit up data...
2026-01-20 13:35:04,767 - INFO - [Data Activity Summary 60s] AKShareAdapter:dynamic_get_limit_up_pool: 1 calls
2026-01-20 13:35:05,460 - INFO - [涨停监控服务] Success: 49 records
2026-01-20 13:36:05,460 - INFO - [涨停监控服务] Fetching limit up data...
2026-01-20 13:36:05,460 - INFO - [Data Activity Summary 60s] AKShareAdapter:dynamic_get_limit_up_pool: 1 calls
2026-01-20 13:36:05,858 - INFO - [涨停监控服务] Success: 49 records
2026-01-20 13:37:05,858 - INFO - [涨停监控服务] Fetching limit up data...
2026-01-20 13:37:05,859 - INFO - [Data Activity Summary 60s] AKShareAdapter:dynamic_get_limit_up_pool: 1 calls
2026-01-20 13:37:06,177 - INFO - [涨停监控服务] Success: 49 records
2026-01-20 13:38:06,179 - INFO - [涨停监控服务] Fetching limit up data...
2026-01-20 13:38:06,179 - INFO - [Data Activity Summary 60s] AKShareAdapter:dynamic_get_limit_up_pool: 1 calls
2026-01-20 13:38:06,539 - INFO - [涨停监控服务] Success: 48 records
2026-01-20 13:39:06,540 - INFO - [涨停监控服务] Fetching limit up data...
2026-01-20 13:39:06,540 - INFO - [Data Activity Summary 60s] AKShareAdapter:dynamic_get_limit_up_pool: 1 calls
2026-01-20 13:39:06,903 - INFO - [涨停监控服务] Success: 48 records
2026-01-20 13:40:06,903 - INFO - [涨停监控服务] Fetching limit up data...
2026-01-20 13:40:06,903 - INFO - [Data Activity Summary 60s] AKShareAdapter:dynamic_get_limit_up_pool: 1 calls
2026-01-20 13:40:07,257 - INFO - [涨停监控服务] Success: 49 records
2026-01-20 13:41:07,257 - INFO - [涨停监控服务] Fetching limit up data...
2026-01-20 13:41:07,257 - INFO - [Data Activity Summary 60s] AKShareAdapter:dynamic_get_limit_up_pool: 1 calls
2026-01-20 13:41:07,644 - INFO - [涨停监控服务] Success: 49 records
2026-01-20 13:42:07,645 - INFO - [涨停监控服务] Fetching limit up data...
2026-01-20 13:42:07,645 - INFO - [Data Activity Summary 60s] AKShareAdapter:dynamic_get_limit_up_pool: 1 calls
2026-01-20 13:42:08,004 - INFO - [涨停监控服务] Success: 49 records
2026-01-20 13:43:08,005 - INFO - [涨停监控服务] Fetching limit up data...
2026-01-20 13:43:08,005 - INFO - [Data Activity Summary 60s] AKShareAdapter:dynamic_get_limit_up_pool: 1 calls
2026-01-20 13:43:08,330 - INFO - [涨停监控服务] Success: 49 records
2026-01-20 13:44:08,331 - INFO - [涨停监控服务] Fetching limit up data...
2026-01-20 13:44:08,331 - INFO - [Data Activity Summary 60s] AKShareAdapter:dynamic_get_limit_up_pool: 1 calls
2026-01-20 13:44:08,669 - INFO - [涨停监控服务] Success: 49 records
2026-01-20 13:45:08,670 - INFO - [涨停监控服务] Fetching limit up data...
2026-01-20 13:45:08,670 - INFO - [Data Activity Summary 60s] AKShareAdapter:dynamic_get_limit_up_pool: 1 calls
2026-01-20 13:45:09,063 - INFO - [涨停监控服务] Success: 49 records
2026-01-20 13:46:09,064 - INFO - [涨停监控服务] Fetching limit up data...
2026-01-20 13:46:09,064 - INFO - [Data Activity Summary 60s] AKShareAdapter:dynamic_get_limit_up_pool: 1 calls
2026-01-20 13:46:09,535 - INFO - [涨停监控服务] Success: 49 records
2026-01-20 13:47:09,536 - INFO - [涨停监控服务] Fetching limit up data...
2026-01-20 13:47:09,536 - INFO - [Data Activity Summary 60s] AKShareAdapter:dynamic_get_limit_up_pool: 1 calls
2026-01-20 13:47:09,901 - INFO - [涨停监控服务] Success: 50 records
2026-01-20 13:48:09,901 - INFO - [涨停监控服务] Fetching limit up data...
2026-01-20 13:48:09,902 - INFO - [Data Activity Summary 60s] AKShareAdapter:dynamic_get_limit_up_pool: 1 calls
2026-01-20 13:48:10,304 - INFO - [涨停监控服务] Success: 50 records
2026-01-20 13:49:10,304 - INFO - [涨停监控服务] Fetching limit up data...
2026-01-20 13:49:10,304 - INFO - [Data Activity Summary 60s] AKShareAdapter:dynamic_get_limit_up_pool: 1 calls
2026-01-20 13:49:10,637 - INFO - [涨停监控服务] Success: 50 records
2026-01-20 13:50:10,638 - INFO - [涨停监控服务] Fetching limit up data...
2026-01-20 13:50:10,638 - INFO - [Data Activity Summary 60s] AKShareAdapter:dynamic_get_limit_up_pool: 1 calls
2026-01-20 13:50:11,011 - INFO - [涨停监控服务] Success: 52 records
2026-01-20 13:51:11,012 - INFO - [涨停监控服务] Fetching limit up data...
2026-01-20 13:51:11,013 - INFO - [Data Activity Summary 60s] AKShareAdapter:dynamic_get_limit_up_pool: 1 calls
2026-01-20 13:51:11,653 - INFO - [涨停监控服务] Success: 54 records
2026-01-20 13:52:11,654 - INFO - [涨停监控服务] Fetching limit up data...
2026-01-20 13:52:11,654 - INFO - [Data Activity Summary 60s] AKShareAdapter:dynamic_get_limit_up_pool: 1 calls
2026-01-20 13:52:11,996 - INFO - [涨停监控服务] Success: 53 records
2026-01-20 13:53:11,997 - INFO - [涨停监控服务] Fetching limit up data...
2026-01-20 13:53:11,997 - INFO - [Data Activity Summary 60s] AKShareAdapter:dynamic_get_limit_up_pool: 1 calls
2026-01-20 13:53:12,371 - INFO - [涨停监控服务] Success: 53 records
2026-01-20 13:54:12,371 - INFO - [涨停监控服务] Fetching limit up data...
2026-01-20 13:54:12,371 - INFO - [Data Activity Summary 60s] AKShareAdapter:dynamic_get_limit_up_pool: 1 calls
2026-01-20 13:54:12,687 - INFO - [涨停监控服务] Success: 53 records
2026-01-20 13:55:12,688 - INFO - [涨停监控服务] Fetching limit up data...
2026-01-20 13:55:12,688 - INFO - [Data Activity Summary 60s] AKShareAdapter:dynamic_get_limit_up_pool: 1 calls
2026-01-20 13:55:13,029 - INFO - [涨停监控服务] Success: 53 records
2026-01-20 13:56:13,030 - INFO - [涨停监控服务] Fetching limit up data...
2026-01-20 13:56:13,030 - INFO - [Data Activity Summary 60s] AKShareAdapter:dynamic_get_limit_up_pool: 1 calls
2026-01-20 13:56:13,369 - INFO - [涨停监控服务] Success: 53 records
2026-01-20 13:57:13,369 - INFO - [涨停监控服务] Fetching limit up data...
2026-01-20 13:57:13,370 - INFO - [Data Activity Summary 60s] AKShareAdapter:dynamic_get_limit_up_pool: 1 calls
2026-01-20 13:57:13,727 - INFO - [涨停监控服务] Success: 53 records
2026-01-20 13:58:13,727 - INFO - [涨停监控服务] Fetching limit up data...
2026-01-20 13:58:13,728 - INFO - [Data Activity Summary 60s] AKShareAdapter:dynamic_get_limit_up_pool: 1 calls
2026-01-20 13:58:14,065 - INFO - [涨停监控服务] Success: 53 records
2026-01-20 13:59:14,066 - INFO - [涨停监控服务] Fetching limit up data...
2026-01-20 13:59:14,066 - INFO - [Data Activity Summary 60s] AKShareAdapter:dynamic_get_limit_up_pool: 1 calls
2026-01-20 13:59:14,457 - INFO - [涨停监控服务] Success: 53 records
2026-01-20 14:00:14,459 - INFO - [涨停监控服务] Fetching limit up data...
2026-01-20 14:00:14,459 - INFO - [Data Activity Summary 60s] AKShareAdapter:dynamic_get_limit_up_pool: 1 calls
2026-01-20 14:00:14,792 - INFO - [涨停监控服务] Success: 53 records
2026-01-20 14:01:14,792 - INFO - [涨停监控服务] Fetching limit up data...
2026-01-20 14:01:14,792 - INFO - [Data Activity Summary 60s] AKShareAdapter:dynamic_get_limit_up_pool: 1 calls
2026-01-20 14:01:15,130 - INFO - [涨停监控服务] Success: 53 records
2026-01-20 14:02:15,131 - INFO - [涨停监控服务] Fetching limit up data...
2026-01-20 14:02:15,131 - INFO - [Data Activity Summary 60s] AKShareAdapter:dynamic_get_limit_up_pool: 1 calls
2026-01-20 14:02:15,507 - INFO - [涨停监控服务] Success: 53 records
2026-01-20 14:03:15,509 - INFO - [涨停监控服务] Fetching limit up data...
2026-01-20 14:03:15,509 - INFO - [Data Activity Summary 60s] AKShareAdapter:dynamic_get_limit_up_pool: 1 calls
2026-01-20 14:03:15,894 - INFO - [涨停监控服务] Success: 52 records
2026-01-20 14:04:15,895 - INFO - [涨停监控服务] Fetching limit up data...
2026-01-20 14:04:15,895 - INFO - [Data Activity Summary 60s] AKShareAdapter:dynamic_get_limit_up_pool: 1 calls
2026-01-20 14:04:16,227 - INFO - [涨停监控服务] Success: 53 records
2026-01-20 14:05:16,228 - INFO - [涨停监控服务] Fetching limit up data...
2026-01-20 14:05:16,228 - INFO - [Data Activity Summary 60s] AKShareAdapter:dynamic_get_limit_up_pool: 1 calls
2026-01-20 14:05:16,560 - INFO - [涨停监控服务] Success: 52 records
2026-01-20 14:06:16,561 - INFO - [涨停监控服务] Fetching limit up data...
2026-01-20 14:06:16,561 - INFO - [Data Activity Summary 60s] AKShareAdapter:dynamic_get_limit_up_pool: 1 calls
2026-01-20 14:06:16,903 - INFO - [涨停监控服务] Success: 52 records
2026-01-20 14:07:16,904 - INFO - [涨停监控服务] Fetching limit up data...
2026-01-20 14:07:16,904 - INFO - [Data Activity Summary 60s] AKShareAdapter:dynamic_get_limit_up_pool: 1 calls
2026-01-20 14:07:17,279 - INFO - [涨停监控服务] Success: 52 records
2026-01-20 14:08:17,280 - INFO - [涨停监控服务] Fetching limit up data...
2026-01-20 14:08:17,280 - INFO - [Data Activity Summary 60s] AKShareAdapter:dynamic_get_limit_up_pool: 1 calls
2026-01-20 14:08:17,617 - INFO - [涨停监控服务] Success: 52 records
2026-01-20 14:09:17,618 - INFO - [涨停监控服务] Fetching limit up data...
2026-01-20 14:09:17,618 - INFO - [Data Activity Summary 60s] AKShareAdapter:dynamic_get_limit_up_pool: 1 calls
2026-01-20 14:09:18,000 - INFO - [涨停监控服务] Success: 53 records
2026-01-20 14:10:18,001 - INFO - [涨停监控服务] Fetching limit up data...
2026-01-20 14:10:18,001 - INFO - [Data Activity Summary 60s] AKShareAdapter:dynamic_get_limit_up_pool: 1 calls
2026-01-20 14:10:18,346 - INFO - [涨停监控服务] Success: 53 records
2026-01-20 14:11:18,347 - INFO - [涨停监控服务] Fetching limit up data...
2026-01-20 14:11:18,347 - INFO - [Data Activity Summary 60s] AKShareAdapter:dynamic_get_limit_up_pool: 1 calls
2026-01-20 14:11:18,676 - INFO - [涨停监控服务] Success: 53 records
2026-01-20 14:12:18,677 - INFO - [涨停监控服务] Fetching limit up data...
2026-01-20 14:12:18,677 - INFO - [Data Activity Summary 60s] AKShareAdapter:dynamic_get_limit_up_pool: 1 calls
2026-01-20 14:12:19,071 - INFO - [涨停监控服务] Success: 53 records
2026-01-20 14:13:19,071 - INFO - [涨停监控服务] Fetching limit up data...
2026-01-20 14:13:19,071 - INFO - [Data Activity Summary 60s] AKShareAdapter:dynamic_get_limit_up_pool: 1 calls
2026-01-20 14:13:19,447 - INFO - [涨停监控服务] Success: 53 records
2026-01-20 14:14:19,448 - INFO - [涨停监控服务] Fetching limit up data...
2026-01-20 14:14:19,448 - INFO - [Data Activity Summary 60s] AKShareAdapter:dynamic_get_limit_up_pool: 1 calls
2026-01-20 14:14:19,864 - INFO - [涨停监控服务] Success: 53 records
2026-01-20 14:15:19,865 - INFO - [涨停监控服务] Fetching limit up data...
2026-01-20 14:15:19,865 - INFO - [Data Activity Summary 60s] AKShareAdapter:dynamic_get_limit_up_pool: 1 calls
2026-01-20 14:15:20,299 - INFO - [涨停监控服务] Success: 54 records
2026-01-20 14:16:20,300 - INFO - [涨停监控服务] Fetching limit up data...
2026-01-20 14:16:20,300 - INFO - [Data Activity Summary 60s] AKShareAdapter:dynamic_get_limit_up_pool: 1 calls
2026-01-20 14:16:20,702 - INFO - [涨停监控服务] Success: 54 records
2026-01-20 14:17:20,703 - INFO - [涨停监控服务] Fetching limit up data...
2026-01-20 14:17:20,703 - INFO - [Data Activity Summary 60s] AKShareAdapter:dynamic_get_limit_up_pool: 1 calls
2026-01-20 14:17:21,084 - INFO - [涨停监控服务] Success: 53 records
2026-01-20 14:18:21,085 - INFO - [涨停监控服务] Fetching limit up data...
2026-01-20 14:18:21,085 - INFO - [Data Activity Summary 60s] AKShareAdapter:dynamic_get_limit_up_pool: 1 calls
2026-01-20 14:18:21,444 - INFO - [涨停监控服务] Success: 53 records
2026-01-20 14:19:21,445 - INFO - [涨停监控服务] Fetching limit up data...
2026-01-20 14:19:21,445 - INFO - [Data Activity Summary 60s] AKShareAdapter:dynamic_get_limit_up_pool: 1 calls
2026-01-20 14:19:21,764 - INFO - [涨停监控服务] Success: 53 records
2026-01-20 14:20:21,764 - INFO - [涨停监控服务] Fetching limit up data...
2026-01-20 14:20:21,765 - INFO - [Data Activity Summary 60s] AKShareAdapter:dynamic_get_limit_up_pool: 1 calls
2026-01-20 14:20:22,129 - INFO - [涨停监控服务] Success: 53 records
2026-01-20 14:21:22,130 - INFO - [涨停监控服务] Fetching limit up data...
2026-01-20 14:21:22,131 - INFO - [Data Activity Summary 60s] AKShareAdapter:dynamic_get_limit_up_pool: 1 calls
2026-01-20 14:21:22,472 - INFO - [涨停监控服务] Success: 53 records
2026-01-20 14:22:22,473 - INFO - [涨停监控服务] Fetching limit up data...
2026-01-20 14:22:22,473 - INFO - [Data Activity Summary 60s] AKShareAdapter:dynamic_get_limit_up_pool: 1 calls
2026-01-20 14:22:22,876 - INFO - [涨停监控服务] Success: 53 records
2026-01-20 14:23:22,877 - INFO - [涨停监控服务] Fetching limit up data...
2026-01-20 14:23:22,877 - INFO - [Data Activity Summary 60s] AKShareAdapter:dynamic_get_limit_up_pool: 1 calls
2026-01-20 14:23:23,193 - INFO - [涨停监控服务] Success: 53 records
2026-01-20 14:24:23,193 - INFO - [涨停监控服务] Fetching limit up data...
2026-01-20 14:24:23,193 - INFO - [Data Activity Summary 60s] AKShareAdapter:dynamic_get_limit_up_pool: 1 calls
2026-01-20 14:24:23,622 - INFO - [涨停监控服务] Success: 53 records
2026-01-20 14:25:23,623 - INFO - [涨停监控服务] Fetching limit up data...
2026-01-20 14:25:23,623 - INFO - [Data Activity Summary 60s] AKShareAdapter:dynamic_get_limit_up_pool: 1 calls
2026-01-20 14:25:23,984 - INFO - [涨停监控服务] Success: 54 records
2026-01-20 14:26:23,985 - INFO - [涨停监控服务] Fetching limit up data...
2026-01-20 14:26:23,985 - INFO - [Data Activity Summary 60s] AKShareAdapter:dynamic_get_limit_up_pool: 1 calls
2026-01-20 14:26:24,369 - INFO - [涨停监控服务] Success: 54 records
2026-01-20 14:27:24,370 - INFO - [涨停监控服务] Fetching limit up data...
2026-01-20 14:27:24,370 - INFO - [Data Activity Summary 60s] AKShareAdapter:dynamic_get_limit_up_pool: 1 calls
2026-01-20 14:27:24,683 - INFO - [涨停监控服务] Success: 54 records
2026-01-20 14:28:24,684 - INFO - [涨停监控服务] Fetching limit up data...
2026-01-20 14:28:24,684 - INFO - [Data Activity Summary 60s] AKShareAdapter:dynamic_get_limit_up_pool: 1 calls
2026-01-20 14:28:25,044 - INFO - [涨停监控服务] Success: 53 records
2026-01-20 14:29:25,045 - INFO - [涨停监控服务] Fetching limit up data...
2026-01-20 14:29:25,045 - INFO - [Data Activity Summary 60s] AKShareAdapter:dynamic_get_limit_up_pool: 1 calls
2026-01-20 14:29:25,425 - INFO - [涨停监控服务] Success: 54 records
2026-01-20 14:30:25,425 - INFO - [涨停监控服务] Fetching limit up data...
2026-01-20 14:30:25,425 - INFO - [Data Activity Summary 60s] AKShareAdapter:dynamic_get_limit_up_pool: 1 calls
2026-01-20 14:30:25,740 - INFO - [涨停监控服务] Success: 54 records
2026-01-20 14:31:25,741 - INFO - [涨停监控服务] Fetching limit up data...
2026-01-20 14:31:25,741 - INFO - [Data Activity Summary 60s] AKShareAdapter:dynamic_get_limit_up_pool: 1 calls
2026-01-20 14:31:26,088 - INFO - [涨停监控服务] Success: 55 records
2026-01-20 14:32:26,089 - INFO - [涨停监控服务] Fetching limit up data...
2026-01-20 14:32:26,089 - INFO - [Data Activity Summary 60s] AKShareAdapter:dynamic_get_limit_up_pool: 1 calls
2026-01-20 14:32:26,489 - INFO - [涨停监控服务] Success: 54 records
2026-01-20 14:33:26,490 - INFO - [涨停监控服务] Fetching limit up data...
2026-01-20 14:33:26,490 - INFO - [Data Activity Summary 60s] AKShareAdapter:dynamic_get_limit_up_pool: 1 calls
2026-01-20 14:33:26,876 - INFO - [涨停监控服务] Success: 53 records
2026-01-20 14:34:26,877 - INFO - [涨停监控服务] Fetching limit up data...
2026-01-20 14:34:26,877 - INFO - [Data Activity Summary 60s] AKShareAdapter:dynamic_get_limit_up_pool: 1 calls
2026-01-20 14:34:27,176 - INFO - [涨停监控服务] Success: 54 records
2026-01-20 14:35:27,177 - INFO - [涨停监控服务] Fetching limit up data...
2026-01-20 14:35:27,177 - INFO - [Data Activity Summary 60s] AKShareAdapter:dynamic_get_limit_up_pool: 1 calls
2026-01-20 14:35:27,495 - INFO - [涨停监控服务] Success: 54 records
2026-01-20 14:36:27,496 - INFO - [涨停监控服务] Fetching limit up data...
2026-01-20 14:36:27,496 - INFO - [Data Activity Summary 60s] AKShareAdapter:dynamic_get_limit_up_pool: 1 calls
2026-01-20 14:36:27,889 - INFO - [涨停监控服务] Success: 55 records
2026-01-20 14:37:27,889 - INFO - [涨停监控服务] Fetching limit up data...
2026-01-20 14:37:27,889 - INFO - [Data Activity Summary 60s] AKShareAdapter:dynamic_get_limit_up_pool: 1 calls
2026-01-20 14:37:28,284 - INFO - [涨停监控服务] Success: 55 records
2026-01-20 14:38:28,285 - INFO - [涨停监控服务] Fetching limit up data...
2026-01-20 14:38:28,285 - INFO - [Data Activity Summary 60s] AKShareAdapter:dynamic_get_limit_up_pool: 1 calls
2026-01-20 14:38:28,658 - INFO - [涨停监控服务] Success: 55 records
2026-01-20 14:39:28,659 - INFO - [涨停监控服务] Fetching limit up data...
2026-01-20 14:39:28,659 - INFO - [Data Activity Summary 60s] AKShareAdapter:dynamic_get_limit_up_pool: 1 calls
2026-01-20 14:39:29,028 - INFO - [涨停监控服务] Success: 55 records
2026-01-20 14:40:29,028 - INFO - [涨停监控服务] Fetching limit up data...
2026-01-20 14:40:29,029 - INFO - [Data Activity Summary 60s] AKShareAdapter:dynamic_get_limit_up_pool: 1 calls
2026-01-20 14:40:29,317 - INFO - [涨停监控服务] Success: 53 records
2026-01-20 14:41:29,318 - INFO - [涨停监控服务] Fetching limit up data...
2026-01-20 14:41:29,318 - INFO - [Data Activity Summary 60s] AKShareAdapter:dynamic_get_limit_up_pool: 1 calls
2026-01-20 14:41:29,635 - INFO - [涨停监控服务] Success: 54 records
2026-01-20 14:42:29,636 - INFO - [涨停监控服务] Fetching limit up data...
2026-01-20 14:42:29,636 - INFO - [Data Activity Summary 60s] AKShareAdapter:dynamic_get_limit_up_pool: 1 calls
2026-01-20 14:42:30,009 - INFO - [涨停监控服务] Success: 54 records
2026-01-20 14:43:30,010 - INFO - [涨停监控服务] Fetching limit up data...
2026-01-20 14:43:30,010 - INFO - [Data Activity Summary 60s] AKShareAdapter:dynamic_get_limit_up_pool: 1 calls
2026-01-20 14:43:30,313 - INFO - [涨停监控服务] Success: 55 records
2026-01-20 14:44:30,314 - INFO - [涨停监控服务] Fetching limit up data...
2026-01-20 14:44:30,314 - INFO - [Data Activity Summary 60s] AKShareAdapter:dynamic_get_limit_up_pool: 1 calls
2026-01-20 14:44:30,622 - INFO - [涨停监控服务] Success: 54 records
2026-01-20 14:45:30,622 - INFO - [涨停监控服务] Fetching limit up data...
2026-01-20 14:45:30,622 - INFO - [Data Activity Summary 60s] AKShareAdapter:dynamic_get_limit_up_pool: 1 calls
2026-01-20 14:45:31,020 - INFO - [涨停监控服务] Success: 54 records
2026-01-20 14:46:31,020 - INFO - [涨停监控服务] Fetching limit up data...
2026-01-20 14:46:31,020 - INFO - [Data Activity Summary 60s] AKShareAdapter:dynamic_get_limit_up_pool: 1 calls
2026-01-20 14:46:31,386 - INFO - [涨停监控服务] Success: 55 records
2026-01-20 14:47:31,387 - INFO - [涨停监控服务] Fetching limit up data...
2026-01-20 14:47:31,387 - INFO - [Data Activity Summary 60s] AKShareAdapter:dynamic_get_limit_up_pool: 1 calls
2026-01-20 14:47:31,742 - INFO - [涨停监控服务] Success: 55 records
2026-01-20 14:48:31,743 - INFO - [涨停监控服务] Fetching limit up data...
2026-01-20 14:48:31,743 - INFO - [Data Activity Summary 60s] AKShareAdapter:dynamic_get_limit_up_pool: 1 calls
2026-01-20 14:48:32,098 - INFO - [涨停监控服务] Success: 54 records
2026-01-20 14:49:32,099 - INFO - [涨停监控服务] Fetching limit up data...
2026-01-20 14:49:32,099 - INFO - [Data Activity Summary 60s] AKShareAdapter:dynamic_get_limit_up_pool: 1 calls
2026-01-20 14:49:32,403 - INFO - [涨停监控服务] Success: 54 records
2026-01-20 14:50:32,404 - INFO - [涨停监控服务] Fetching limit up data...
2026-01-20 14:50:32,404 - INFO - [Data Activity Summary 60s] AKShareAdapter:dynamic_get_limit_up_pool: 1 calls
2026-01-20 14:50:32,720 - INFO - [涨停监控服务] Success: 54 records
2026-01-20 14:51:32,722 - INFO - [涨停监控服务] Fetching limit up data...
2026-01-20 14:51:32,722 - INFO - [Data Activity Summary 60s] AKShareAdapter:dynamic_get_limit_up_pool: 1 calls
2026-01-20 14:51:33,026 - INFO - [涨停监控服务] Success: 54 records
2026-01-20 14:52:33,026 - INFO - [涨停监控服务] Fetching limit up data...
2026-01-20 14:52:33,026 - INFO - [Data Activity Summary 60s] AKShareAdapter:dynamic_get_limit_up_pool: 1 calls
2026-01-20 14:52:33,392 - INFO - [涨停监控服务] Success: 52 records
2026-01-20 14:53:33,393 - INFO - [涨停监控服务] Fetching limit up data...
2026-01-20 14:53:33,393 - INFO - [Data Activity Summary 60s] AKShareAdapter:dynamic_get_limit_up_pool: 1 calls
2026-01-20 14:53:33,733 - INFO - [涨停监控服务] Success: 53 records
2026-01-20 14:54:33,733 - INFO - [涨停监控服务] Fetching limit up data...
2026-01-20 14:54:33,733 - INFO - [Data Activity Summary 60s] AKShareAdapter:dynamic_get_limit_up_pool: 1 calls
2026-01-20 14:54:34,092 - INFO - [涨停监控服务] Success: 53 records
2026-01-20 14:55:34,092 - INFO - [涨停监控服务] Fetching limit up data...
2026-01-20 14:55:34,093 - INFO - [Data Activity Summary 60s] AKShareAdapter:dynamic_get_limit_up_pool: 1 calls
2026-01-20 14:55:34,428 - INFO - [涨停监控服务] Success: 53 records
2026-01-20 14:56:34,428 - INFO - [涨停监控服务] Fetching limit up data...
2026-01-20 14:56:34,428 - INFO - [Data Activity Summary 60s] AKShareAdapter:dynamic_get_limit_up_pool: 1 calls
2026-01-20 14:56:34,765 - INFO - [涨停监控服务] Success: 55 records
2026-01-20 14:57:34,766 - INFO - [涨停监控服务] Fetching limit up data...
2026-01-20 14:57:34,766 - INFO - [Data Activity Summary 60s] AKShareAdapter:dynamic_get_limit_up_pool: 1 calls
2026-01-20 14:57:35,096 - INFO - [涨停监控服务] Success: 54 records
2026-01-20 14:58:35,097 - INFO - [涨停监控服务] Fetching limit up data...
2026-01-20 14:58:35,097 - INFO - [Data Activity Summary 60s] AKShareAdapter:dynamic_get_limit_up_pool: 1 calls
2026-01-20 14:58:35,434 - INFO - [涨停监控服务] Success: 54 records
2026-01-20 14:59:35,434 - INFO - [涨停监控服务] Fetching limit up data...
2026-01-20 14:59:35,434 - INFO - [Data Activity Summary 60s] AKShareAdapter:dynamic_get_limit_up_pool: 1 calls
2026-01-20 14:59:35,774 - INFO - [涨停监控服务] Success: 54 records
2026-01-20 15:00:35,774 - INFO - [涨停监控服务] Fetching limit up data...
2026-01-20 15:00:35,775 - INFO - [Data Activity Summary 60s] AKShareAdapter:dynamic_get_limit_up_pool: 1 calls
2026-01-20 15:00:36,101 - INFO - [涨停监控服务] Success: 54 records
2026-01-20 15:01:36,102 - INFO - [涨停监控服务] Fetching limit up data...
2026-01-20 15:01:36,102 - INFO - [Data Activity Summary 60s] AKShareAdapter:dynamic_get_limit_up_pool: 1 calls
2026-01-20 15:01:36,431 - INFO - [涨停监控服务] Success: 54 records
2026-01-20 15:02:36,432 - INFO - [涨停监控服务] Fetching limit up data...
2026-01-20 15:02:36,433 - INFO - [Data Activity Summary 60s] AKShareAdapter:dynamic_get_limit_up_pool: 1 calls
2026-01-20 15:02:36,757 - INFO - [涨停监控服务] Success: 54 records
2026-01-20 15:03:36,758 - INFO - [涨停监控服务] Fetching limit up data...
2026-01-20 15:03:36,758 - INFO - [Data Activity Summary 60s] AKShareAdapter:dynamic_get_limit_up_pool: 1 calls
2026-01-20 15:03:37,069 - INFO - [涨停监控服务] Success: 54 records
2026-01-20 15:04:37,070 - INFO - [涨停监控服务] Fetching limit up data...
2026-01-20 15:04:37,070 - INFO - [Data Activity Summary 60s] AKShareAdapter:dynamic_get_limit_up_pool: 1 calls
2026-01-20 15:04:37,406 - INFO - [涨停监控服务] Success: 54 records
2026-01-20 15:05:37,406 - INFO - [涨停监控服务] Fetching limit up data...
2026-01-20 15:05:37,407 - INFO - [Data Activity Summary 60s] AKShareAdapter:dynamic_get_limit_up_pool: 1 calls
2026-01-20 15:05:37,726 - INFO - [涨停监控服务] Success: 54 records
2026-01-20 15:06:37,726 - INFO - [涨停监控服务] Fetching limit up data...
2026-01-20 15:06:37,727 - INFO - [Data Activity Summary 60s] AKShareAdapter:dynamic_get_limit_up_pool: 1 calls
2026-01-20 15:06:38,037 - INFO - [涨停监控服务] Success: 54 records
2026-01-20 15:07:38,038 - INFO - [涨停监控服务] Fetching limit up data...
2026-01-20 15:07:38,038 - INFO - [Data Activity Summary 60s] AKShareAdapter:dynamic_get_limit_up_pool: 1 calls
2026-01-20 15:07:38,401 - INFO - [涨停监控服务] Success: 54 records
2026-01-20 15:08:38,402 - INFO - [涨停监控服务] Fetching limit up data...
2026-01-20 15:08:38,402 - INFO - [Data Activity Summary 60s] AKShareAdapter:dynamic_get_limit_up_pool: 1 calls
2026-01-20 15:08:38,766 - INFO - [涨停监控服务] Success: 54 records
2026-01-20 15:09:38,767 - INFO - [涨停监控服务] Fetching limit up data...
2026-01-20 15:09:38,767 - INFO - [Data Activity Summary 60s] AKShareAdapter:dynamic_get_limit_up_pool: 1 calls
2026-01-20 15:09:39,114 - INFO - [涨停监控服务] Success: 54 records
2026-01-20 15:10:39,114 - INFO - [涨停监控服务] Fetching limit up data...
2026-01-20 15:10:39,114 - INFO - [Data Activity Summary 60s] AKShareAdapter:dynamic_get_limit_up_pool: 1 calls
2026-01-20 15:10:39,474 - INFO - [涨停监控服务] Success: 54 records
2026-01-20 15:11:39,474 - INFO - [涨停监控服务] Fetching limit up data...
2026-01-20 15:11:39,475 - INFO - [Data Activity Summary 60s] AKShareAdapter:dynamic_get_limit_up_pool: 1 calls
2026-01-20 15:11:39,791 - INFO - [涨停监控服务] Success: 54 records
2026-01-20 15:12:39,793 - INFO - [涨停监控服务] Fetching limit up data...
2026-01-20 15:12:39,793 - INFO - [Data Activity Summary 60s] AKShareAdapter:dynamic_get_limit_up_pool: 1 calls
2026-01-20 15:12:40,120 - INFO - [涨停监控服务] Success: 54 records
2026-01-20 15:13:40,121 - INFO - [涨停监控服务] Fetching limit up data...
2026-01-20 15:13:40,121 - INFO - [Data Activity Summary 60s] AKShareAdapter:dynamic_get_limit_up_pool: 1 calls
2026-01-20 15:13:40,426 - INFO - [涨停监控服务] Success: 54 records
2026-01-20 15:14:40,427 - INFO - [涨停监控服务] Fetching limit up data...
2026-01-20 15:14:40,427 - INFO - [Data Activity Summary 60s] AKShareAdapter:dynamic_get_limit_up_pool: 1 calls
2026-01-20 15:14:40,737 - INFO - [涨停监控服务] Success: 54 records
2026-01-20 15:15:40,739 - INFO - [涨停监控服务] Fetching limit up data...
2026-01-20 15:15:40,739 - INFO - [Data Activity Summary 60s] AKShareAdapter:dynamic_get_limit_up_pool: 1 calls
2026-01-20 15:15:41,054 - INFO - [涨停监控服务] Success: 54 records
2026-01-20 15:16:41,054 - INFO - [涨停监控服务] Fetching limit up data...
2026-01-20 15:16:41,055 - INFO - [Data Activity Summary 60s] AKShareAdapter:dynamic_get_limit_up_pool: 1 calls
2026-01-20 15:16:41,440 - INFO - [涨停监控服务] Success: 54 records
2026-01-20 15:17:41,440 - INFO - [涨停监控服务] Fetching limit up data...
2026-01-20 15:17:41,440 - INFO - [Data Activity Summary 60s] AKShareAdapter:dynamic_get_limit_up_pool: 1 calls
2026-01-20 15:17:41,767 - INFO - [涨停监控服务] Success: 54 records
2026-01-20 15:18:41,768 - INFO - [涨停监控服务] Fetching limit up data...
2026-01-20 15:18:41,768 - INFO - [Data Activity Summary 60s] AKShareAdapter:dynamic_get_limit_up_pool: 1 calls
2026-01-20 15:18:42,083 - INFO - [涨停监控服务] Success: 54 records
2026-01-20 15:19:42,083 - INFO - [涨停监控服务] Fetching limit up data...
2026-01-20 15:19:42,084 - INFO - [Data Activity Summary 60s] AKShareAdapter:dynamic_get_limit_up_pool: 1 calls
2026-01-20 15:19:42,423 - INFO - [涨停监控服务] Success: 54 records
2026-01-20 15:20:42,424 - INFO - [涨停监控服务] Fetching limit up data...
2026-01-20 15:20:42,425 - INFO - [Data Activity Summary 60s] AKShareAdapter:dynamic_get_limit_up_pool: 1 calls
2026-01-20 15:20:42,752 - INFO - [涨停监控服务] Success: 54 records
2026-01-20 15:21:42,752 - INFO - [涨停监控服务] Fetching limit up data...
2026-01-20 15:21:42,752 - INFO - [Data Activity Summary 60s] AKShareAdapter:dynamic_get_limit_up_pool: 1 calls
2026-01-20 15:21:43,086 - INFO - [涨停监控服务] Success: 54 records
2026-01-20 15:22:43,087 - INFO - [涨停监控服务] Fetching limit up data...
2026-01-20 15:22:43,087 - INFO - [Data Activity Summary 60s] AKShareAdapter:dynamic_get_limit_up_pool: 1 calls
2026-01-20 15:22:43,425 - INFO - [涨停监控服务] Success: 54 records
2026-01-20 15:23:43,425 - INFO - [涨停监控服务] Fetching limit up data...
2026-01-20 15:23:43,425 - INFO - [Data Activity Summary 60s] AKShareAdapter:dynamic_get_limit_up_pool: 1 calls
2026-01-20 15:23:43,736 - INFO - [涨停监控服务] Success: 54 records
2026-01-20 15:24:43,736 - INFO - [涨停监控服务] Fetching limit up data...
2026-01-20 15:24:43,736 - INFO - [Data Activity Summary 60s] AKShareAdapter:dynamic_get_limit_up_pool: 1 calls
2026-01-20 15:24:44,062 - INFO - [涨停监控服务] Success: 54 records
2026-01-20 15:25:44,063 - INFO - [涨停监控服务] Fetching limit up data...
2026-01-20 15:25:44,063 - INFO - [Data Activity Summary 60s] AKShareAdapter:dynamic_get_limit_up_pool: 1 calls
2026-01-20 15:25:44,385 - INFO - [涨停监控服务] Success: 54 records
2026-01-20 15:26:44,386 - INFO - [涨停监控服务] Fetching limit up data...
2026-01-20 15:26:44,386 - INFO - [Data Activity Summary 60s] AKShareAdapter:dynamic_get_limit_up_pool: 1 calls
2026-01-20 15:26:44,696 - INFO - [涨停监控服务] Success: 54 records
2026-01-20 15:27:44,696 - INFO - [涨停监控服务] Fetching limit up data...
2026-01-20 15:27:44,696 - INFO - [Data Activity Summary 60s] AKShareAdapter:dynamic_get_limit_up_pool: 1 calls
2026-01-20 15:27:45,062 - INFO - [涨停监控服务] Success: 54 records
2026-01-20 15:28:45,063 - INFO - [涨停监控服务] Fetching limit up data...
2026-01-20 15:28:45,063 - INFO - [Data Activity Summary 60s] AKShareAdapter:dynamic_get_limit_up_pool: 1 calls
2026-01-20 15:28:45,431 - INFO - [涨停监控服务] Success: 54 records
2026-01-20 15:29:45,432 - INFO - [涨停监控服务] Fetching limit up data...
2026-01-20 15:29:45,432 - INFO - [Data Activity Summary 60s] AKShareAdapter:dynamic_get_limit_up_pool: 1 calls
2026-01-20 15:29:45,812 - INFO - [涨停监控服务] Success: 54 records
2026-01-20 15:31:49,652 - INFO - Registered interval job 60s for 涨停监控服务
2026-01-20 15:31:49,653 - INFO - [涨停监控服务] 已启动: 计划每日 09:20-15:30 运行
2026-01-20 15:31:49,653 - INFO - Service stopped
2026-01-22 15:00:16,829 - ERROR - Init failed: Can't instantiate abstract class TushareDataModule without an implementation for abstract method 'on_event'
